This is pdfTeX, Version 3.14159265-2.6-1.40.19 (MiKTeX 2.9.6840 64-bit) (preloaded format=pdflatex 2018.10.20)  28 APR 2020 15:13
entering extended mode
**./Wainwright_Capstone_II.tex
(Wainwright_Capstone_II.tex
LaTeX2e <2018-04-01> patch level 5
(C:\Users\Immediacy\AppData\Roaming\MiKTeX\2.9\tex\latex\revtex\revtex4-1.cls
Document Class: revtex4-1 2010/07/25/20:33:00 4.1r (http://publish.aps.org/revt
ex4/ for documentation)
 Copyright (c) 2009 The American Physical Society.
 mailto:revtex@aps.org
 Licensed under the LPPL:
http://www.ctan.org/tex-archive/macros/latex/base/lppl.txt
 Arthur Ogawa <arthur_ogawa at sbcglobal dot net>
 Based on work by David Carlisle <david at dcarlisle.demon.co.uk>.
ltxutil[2010/07/25/20:33:00 4.1r utilities package (portions licensed from W. E
. Baxter web at superscript.com)]
LaTeX Info: Redefining \@centercr on input line 308.
Class revtex4-1 Info: Repairing broken LaTeX eqnarray on input line 358.
\eqncolsep=\skip41
Class revtex4-1 Info: Repairing hyperref-unfriendly LaTeX definition of \mpfoot
note on input line 433.
Class revtex4-1 Info: Repairing broken LateX \@sect on input line 755.
\intertabularlinepenalty=\count80
\@tbpen=\count81
\@arstrutbox@hline=\box26
Class revtex4-1 Info: Repairing broken LaTeX \@xbitor on input line 1786.
Class revtex4-1 Info: Making \typeout \long on input line 2046.
ltxfront[2010/07/25/20:33:00 4.1r frontmatter package (AO,DPC)]
\c@affil=\count82
\c@collab=\count83
\absbox=\box27
ltxgrid[2010/07/25/20:33:00 4.1r page grid package (portions licensed from W. E
. Baxter web at superscript.com)]
\c@linecount=\count84
\output@latex=\toks14
\box@size@1=\box28
\box@size@2=\box29
\@protection@box=\box30
\@topmark@saved=\toks15
\footins@saved=\box31
\footins@recovered=\box32
\column@recovered=\box33
\pagesofar=\box34
\footsofar=\box35
\pagegrid@col=\count85
Class revtex4-1 Info: Overriding \@vspace, \@vspacer, \@no@pgbk, \@newline, and
 \\  on input line 5578.
\c@part=\count86
\c@section=\count87
\c@subsection=\count88
\c@subsubsection=\count89
\c@paragraph=\count90
\c@subparagraph=\count91
\abovecaptionskip=\skip42
\belowcaptionskip=\skip43
\c@figure=\count92
\fbox@1=\box36
\c@table=\count93
\fbox@2=\box37
\c@video=\count94
\fbox@4=\box38
\@bibdataout=\write3
\widetext@top=\box39
\widetext@bot=\box40
Class revtex4-1 Info: Selecting society aps on input line 7542.
(C:\Users\Immediacy\AppData\Roaming\MiKTeX\2.9\tex\latex\revtex\aps4-1.rtx
File: aps4-1 2010/07/25/20:33:00 4.1r (http://publish.aps.org/revtex4/ for docu
mentation)
Class revtex4-1 Info: RevTeX society APS selected on input line 31.
)
Class revtex4-1 Info: Selecting journal prb on input line 7544.
Class revtex4-1 Info: APS journal PRB selected on input line 7545.


Class revtex4-1 Warning: No type size specified, using default 10.

(C:\Users\Immediacy\AppData\Roaming\MiKTeX\2.9\tex\latex\revtex\aps10pt4-1.rtx
File: aps10pt4-1 2010/07/25/20:33:00 4.1r (http://publish.aps.org/revtex4/ for 
documentation)
Class revtex4-1 Info: RevTeX pointsize 10pt selected on input line 30.
) (C:\Users\Immediacy\AppData\Roaming\MiKTeX\2.9\tex\latex\textcase\textcase.st
y
Package: textcase 2019/09/14 v1.00 Text only upper/lower case changing (DPC)
) (C:\Users\Immediacy\AppData\Roaming\MiKTeX\2.9\tex\latex\url\url.sty
\Urlmuskip=\muskip10
Package: url 2013/09/16  ver 3.4  Verb mode for urls, etc.
)
(C:\Users\Immediacy\AppData\Roaming\MiKTeX\2.9\tex\latex\natbib\natbib.sty
Package: natbib 2010/09/13 8.31b (PWD, AO)
\bibhang=\skip44
\bibsep=\skip45
LaTeX Info: Redefining \cite on input line 694.
\c@NAT@ctr=\count95
)
Class revtex4-1 Info: Repairing natbib's \BibitemShut on input line 7549.

(C:\Users\Immediacy\AppData\Roaming\MiKTeX\2.9\tex\latex\revtex\revsymb4-1.sty
Package: revsymb4-1 2010/07/25/20:33:00 4.1r (http://publish.aps.org/revtex4/ f
or documentation)
LaTeX Info: Redefining \REV@mathfrak on input line 119.
)

Class revtex4-1 Warning: Citations are superscript numbers: footnotes must be e
ndnotes; changing to that configuration.

) ("C:\Program Files\MiKTeX 2.9\tex\latex\hyperref\hyperref.sty"
Package: hyperref 2018/09/30 v6.88a Hypertext links for LaTeX

("C:\Program Files\MiKTeX 2.9\tex\generic\oberdiek\hobsub-hyperref.sty"
Package: hobsub-hyperref 2016/05/16 v1.14 Bundle oberdiek, subset hyperref (HO)


("C:\Program Files\MiKTeX 2.9\tex\generic\oberdiek\hobsub-generic.sty"
Package: hobsub-generic 2016/05/16 v1.14 Bundle oberdiek, subset generic (HO)
Package: hobsub 2016/05/16 v1.14 Construct package bundles (HO)
Package: infwarerr 2016/05/16 v1.4 Providing info/warning/error messages (HO)
Package: ltxcmds 2016/05/16 v1.23 LaTeX kernel commands for general use (HO)
Package: ifluatex 2016/05/16 v1.4 Provides the ifluatex switch (HO)
Package ifluatex Info: LuaTeX not detected.
Package: ifvtex 2016/05/16 v1.6 Detect VTeX and its facilities (HO)
Package ifvtex Info: VTeX not detected.
Package: intcalc 2016/05/16 v1.2 Expandable calculations with integers (HO)
Package: ifpdf 2018/09/07 v3.3 Provides the ifpdf switch
Package: etexcmds 2016/05/16 v1.6 Avoid name clashes with e-TeX commands (HO)
Package etexcmds Info: Could not find \expanded.
(etexcmds)             That can mean that you are not using pdfTeX 1.50 or
(etexcmds)             that some package has redefined \expanded.
(etexcmds)             In the latter case, load this package earlier.
Package: kvsetkeys 2016/05/16 v1.17 Key value parser (HO)
Package: kvdefinekeys 2016/05/16 v1.4 Define keys (HO)
Package: pdftexcmds 2018/09/10 v0.29 Utility functions of pdfTeX for LuaTeX (HO
)
Package pdftexcmds Info: LuaTeX not detected.
Package pdftexcmds Info: \pdf@primitive is available.
Package pdftexcmds Info: \pdf@ifprimitive is available.
Package pdftexcmds Info: \pdfdraftmode found.
Package: pdfescape 2016/05/16 v1.14 Implements pdfTeX's escape features (HO)
Package: bigintcalc 2016/05/16 v1.4 Expandable calculations on big integers (HO
)
Package: bitset 2016/05/16 v1.2 Handle bit-vector datatype (HO)
Package: uniquecounter 2016/05/16 v1.3 Provide unlimited unique counter (HO)
)
Package hobsub Info: Skipping package `hobsub' (already loaded).
Package: letltxmacro 2016/05/16 v1.5 Let assignment for LaTeX macros (HO)
Package: hopatch 2016/05/16 v1.3 Wrapper for package hooks (HO)
Package: xcolor-patch 2016/05/16 xcolor patch
Package: atveryend 2016/05/16 v1.9 Hooks at the very end of document (HO)
Package: atbegshi 2016/06/09 v1.18 At begin shipout hook (HO)
Package: refcount 2016/05/16 v3.5 Data extraction from label references (HO)
Package: hycolor 2016/05/16 v1.8 Color options for hyperref/bookmark (HO)
)
("C:\Program Files\MiKTeX 2.9\tex\latex\graphics\keyval.sty"
Package: keyval 2014/10/28 v1.15 key=value parser (DPC)
\KV@toks@=\toks16
)
("C:\Program Files\MiKTeX 2.9\tex\generic\ifxetex\ifxetex.sty"
Package: ifxetex 2010/09/12 v0.6 Provides ifxetex conditional
)
("C:\Program Files\MiKTeX 2.9\tex\latex\oberdiek\auxhook.sty"
Package: auxhook 2016/05/16 v1.4 Hooks for auxiliary files (HO)
)
("C:\Program Files\MiKTeX 2.9\tex\latex\oberdiek\kvoptions.sty"
Package: kvoptions 2016/05/16 v3.12 Key value format for package options (HO)
)
\@linkdim=\dimen102
\Hy@linkcounter=\count96
\Hy@pagecounter=\count97

("C:\Program Files\MiKTeX 2.9\tex\latex\hyperref\pd1enc.def"
File: pd1enc.def 2018/09/30 v6.88a Hyperref: PDFDocEncoding definition (HO)
Now handling font encoding PD1 ...
... no UTF-8 mapping file for font encoding PD1
)
\Hy@SavedSpaceFactor=\count98

("C:\Program Files\MiKTeX 2.9\tex\latex\00miktex\hyperref.cfg"
File: hyperref.cfg 2002/06/06 v1.2 hyperref configuration of TeXLive
)
Package hyperref Info: Option `hyperindex' set `true' on input line 4409.
Package hyperref Info: Option `breaklinks' set `true' on input line 4409.
Package hyperref Info: Hyper figures OFF on input line 4535.
Package hyperref Info: Link nesting OFF on input line 4540.
Package hyperref Info: Hyper index ON on input line 4543.
Package hyperref Info: Plain pages OFF on input line 4550.
Package hyperref Info: Backreferencing OFF on input line 4555.
Package hyperref Info: Implicit mode ON; LaTeX internals redefined.
Package hyperref Info: Bookmarks ON on input line 4788.
LaTeX Info: Redefining \href on input line 5052.
\c@Hy@tempcnt=\count99
LaTeX Info: Redefining \url on input line 5141.
\XeTeXLinkMargin=\dimen103
\Fld@menulength=\count100
\Field@Width=\dimen104
\Fld@charsize=\dimen105
Package hyperref Info: Hyper figures OFF on input line 6396.
Package hyperref Info: Link nesting OFF on input line 6401.
Package hyperref Info: Hyper index ON on input line 6404.
Package hyperref Info: backreferencing OFF on input line 6411.
Package hyperref Info: Link coloring OFF on input line 6416.
Package hyperref Info: Link coloring with OCG OFF on input line 6421.
Package hyperref Info: PDF/A mode OFF on input line 6426.
LaTeX Info: Redefining \ref on input line 6466.
LaTeX Info: Redefining \pageref on input line 6470.
\Hy@abspage=\count101
\c@Item=\count102
\c@Hfootnote=\count103
)
Package hyperref Info: Driver (autodetected): hpdftex.

("C:\Program Files\MiKTeX 2.9\tex\latex\hyperref\hpdftex.def"
File: hpdftex.def 2018/09/30 v6.88a Hyperref driver for pdfTeX
\Fld@listcount=\count104
\c@bookmark@seq@number=\count105

("C:\Program Files\MiKTeX 2.9\tex\latex\oberdiek\rerunfilecheck.sty"
Package: rerunfilecheck 2016/05/16 v1.8 Rerun checks for auxiliary files (HO)
Package uniquecounter Info: New unique counter `rerunfilecheck' on input line 2
82.
)
\Hy@SectionHShift=\skip46
)
("C:\Program Files\MiKTeX 2.9\tex\latex\amsmath\amsmath.sty"
Package: amsmath 2017/09/02 v2.17a AMS math features
\@mathmargin=\skip47

For additional information on amsmath, use the `?' option.
("C:\Program Files\MiKTeX 2.9\tex\latex\amsmath\amstext.sty"
Package: amstext 2000/06/29 v2.01 AMS text

("C:\Program Files\MiKTeX 2.9\tex\latex\amsmath\amsgen.sty"
File: amsgen.sty 1999/11/30 v2.0 generic functions
\@emptytoks=\toks17
\ex@=\dimen106
)
LaTeX Info: Redefining \text on input line 28.
)
("C:\Program Files\MiKTeX 2.9\tex\latex\amsmath\amsbsy.sty"
Package: amsbsy 1999/11/29 v1.2d Bold Symbols
\pmbraise@=\dimen107
)
("C:\Program Files\MiKTeX 2.9\tex\latex\amsmath\amsopn.sty"
Package: amsopn 2016/03/08 v2.02 operator names
)
\inf@bad=\count106
LaTeX Info: Redefining \frac on input line 213.
\uproot@=\count107
\leftroot@=\count108
LaTeX Info: Redefining \overline on input line 375.
\classnum@=\count109
\DOTSCASE@=\count110
LaTeX Info: Redefining \ldots on input line 472.
LaTeX Info: Redefining \dots on input line 475.
LaTeX Info: Redefining \cdots on input line 596.
\Mathstrutbox@=\box41
\strutbox@=\box42
\big@size=\dimen108
LaTeX Font Info:    Redeclaring font encoding OML on input line 712.
LaTeX Font Info:    Redeclaring font encoding OMS on input line 713.
\macc@depth=\count111
\c@MaxMatrixCols=\count112
\dotsspace@=\muskip11
\c@parentequation=\count113
\dspbrk@lvl=\count114
\tag@help=\toks18
\row@=\count115
\column@=\count116
\maxfields@=\count117
\andhelp@=\toks19
\eqnshift@=\dimen109
\alignsep@=\dimen110
\tagshift@=\dimen111
\tagwidth@=\dimen112
\totwidth@=\dimen113
\lineht@=\dimen114
\@envbody=\toks20
\multlinegap=\skip48
\multlinetaggap=\skip49
\mathdisplay@stack=\toks21
LaTeX Info: Redefining \[ on input line 2817.
LaTeX Info: Redefining \] on input line 2818.
)
("C:\Program Files\MiKTeX 2.9\tex\latex\amsfonts\amsfonts.sty"
Package: amsfonts 2013/01/14 v3.01 Basic AMSFonts support
\symAMSa=\mathgroup4
\symAMSb=\mathgroup5
LaTeX Font Info:    Overwriting math alphabet `\mathfrak' in version `bold'
(Font)                  U/euf/m/n --> U/euf/b/n on input line 106.
LaTeX Info: Redefining \frak on input line 111.
LaTeX Info: Redefining \Bbb on input line 113.
)
("C:\Program Files\MiKTeX 2.9\tex\latex\amsfonts\amssymb.sty"
Package: amssymb 2013/01/14 v3.01 AMS font symbols
)
("C:\Program Files\MiKTeX 2.9\tex\latex\amscls\amsthm.sty"
Package: amsthm 2017/10/31 v2.20.4
\thm@style=\toks22
\thm@bodyfont=\toks23
\thm@headfont=\toks24
\thm@notefont=\toks25
\thm@headpunct=\toks26
\thm@preskip=\skip50
\thm@postskip=\skip51
\thm@headsep=\skip52
\dth@everypar=\toks27
)
("C:\Program Files\MiKTeX 2.9\tex\latex\tools\bm.sty"
Package: bm 2017/01/16 v1.2c Bold Symbol Support (DPC/FMi)
\symboldoperators=\mathgroup6
\symboldletters=\mathgroup7
\symboldsymbols=\mathgroup8
LaTeX Font Info:    Redeclaring math alphabet \mathbf on input line 141.
LaTeX Info: Redefining \bm on input line 207.
)
(C:\Users\Immediacy\AppData\Roaming\MiKTeX\2.9\tex\latex\caption\caption.sty
Package: caption 2018/10/06 v3.3-154 Customizing captions (AR)

(C:\Users\Immediacy\AppData\Roaming\MiKTeX\2.9\tex\latex\caption\caption3.sty
Package: caption3 2018/09/12 v1.8c caption3 kernel (AR)
Package caption3 Info: TeX engine: e-TeX on input line 64.
\captionmargin=\dimen115
\captionmargin@=\dimen116
\captionwidth=\dimen117
\caption@tempdima=\dimen118
\caption@indent=\dimen119
\caption@parindent=\dimen120
\caption@hangindent=\dimen121
Package caption Info: Unknown document class (or package),
(caption)             standard defaults will be used.
)

Package caption Warning: Unsupported document class (or package) detected,
(caption)                usage of the caption package is not recommended.
See the caption package documentation for explanation.

Package caption Info: \@makecaption = \long macro:#1#2->\par \vskip \abovecapti
onskip \begingroup \small \rmfamily \sbox \@tempboxa {\let \\\heading@cr \@make
@capt@title {#1}{#2}}\@ifdim {\wd \@tempboxa >\hsize }{\begingroup \samepage \f
lushing \let \footnote \@footnotemark@gobble \@make@capt@title {#1}{#2}\par \en
dgroup }{\global \@minipagefalse \hb@xt@ \hsize {\hfil \unhbox \@tempboxa \hfil
 }}\endgroup \vskip \belowcaptionskip .
\c@caption@flags=\count118
\c@ContinuedFloat=\count119
Package caption Info: hyperref package is loaded.
)
(C:\Users\Immediacy\AppData\Roaming\MiKTeX\2.9\tex\latex\slashbox\slashbox.sty
slashbox style by K.Yasuoka, May 1993.
\@slashboxa=\box43
\@slashboxb=\box44
\@slashboxc=\box45
\@slashboxwd=\count120
\@slashboxht=\count121
\@slashsepl=\dimen122
\@slashsepr=\dimen123
) (C:\Users\Immediacy\AppData\Roaming\MiKTeX\2.9\tex\latex\ctable\ctable.sty
Package: ctable 2015/10/17 v1.31 ctable package for flexible typesetting of tab
le and figure floats using key/value directives

(C:\Users\Immediacy\AppData\Roaming\MiKTeX\2.9\tex\latex\etoolbox\etoolbox.sty
Package: etoolbox 2018/08/19 v2.5f e-TeX tools for LaTeX (JAW)
\etb@tempcnta=\count122
) (C:\Users\Immediacy\AppData\Roaming\MiKTeX\2.9\tex\latex\xcolor\xcolor.sty
Package: xcolor 2016/05/11 v2.12 LaTeX color extensions (UK)

("C:\Program Files\MiKTeX 2.9\tex\latex\graphics-cfg\color.cfg"
File: color.cfg 2016/01/02 v1.6 sample color configuration
)
Package xcolor Info: Driver file: pdftex.def on input line 225.

("C:\Program Files\MiKTeX 2.9\tex\latex\graphics-def\pdftex.def"
File: pdftex.def 2018/01/08 v1.0l Graphics/color driver for pdftex
)
Package xcolor Info: Model `cmy' substituted by `cmy0' on input line 1348.
Package xcolor Info: Model `hsb' substituted by `rgb' on input line 1352.
Package xcolor Info: Model `RGB' extended on input line 1364.
Package xcolor Info: Model `HTML' substituted by `rgb' on input line 1366.
Package xcolor Info: Model `Hsb' substituted by `hsb' on input line 1367.
Package xcolor Info: Model `tHsb' substituted by `hsb' on input line 1368.
Package xcolor Info: Model `HSB' substituted by `hsb' on input line 1369.
Package xcolor Info: Model `Gray' substituted by `gray' on input line 1370.
Package xcolor Info: Model `wave' substituted by `hsb' on input line 1371.
)
("C:\Program Files\MiKTeX 2.9\tex\latex\xkeyval\xkeyval.sty"
Package: xkeyval 2014/12/03 v2.7a package option processing (HA)

("C:\Program Files\MiKTeX 2.9\tex\generic\xkeyval\xkeyval.tex"
("C:\Program Files\MiKTeX 2.9\tex\generic\xkeyval\xkvutils.tex"
\XKV@toks=\toks28
\XKV@tempa@toks=\toks29
)
\XKV@depth=\count123
File: xkeyval.tex 2014/12/03 v2.7a key=value parser (HA)
))
("C:\Program Files\MiKTeX 2.9\tex\latex\tools\array.sty"
Package: array 2018/04/30 v2.4h Tabular extension package (FMi)
\col@sep=\dimen124
\ar@mcellbox=\box46
\extrarowheight=\dimen125
\NC@list=\toks30
\extratabsurround=\skip53
\backup@length=\skip54
\ar@cellbox=\box47
)
("C:\Program Files\MiKTeX 2.9\tex\latex\tools\tabularx.sty"
Package: tabularx 2016/02/03 v2.11b `tabularx' package (DPC)
\TX@col@width=\dimen126
\TX@old@table=\dimen127
\TX@old@col=\dimen128
\TX@target=\dimen129
\TX@delta=\dimen130
\TX@cols=\count124
\TX@ftn=\toks31
)
(C:\Users\Immediacy\AppData\Roaming\MiKTeX\2.9\tex\latex\booktabs\booktabs.sty
Package: booktabs 2020/01/12 v1.61803398 Publication quality tables
\heavyrulewidth=\dimen131
\lightrulewidth=\dimen132
\cmidrulewidth=\dimen133
\belowrulesep=\dimen134
\belowbottomsep=\dimen135
\aboverulesep=\dimen136
\abovetopsep=\dimen137
\cmidrulesep=\dimen138
\cmidrulekern=\dimen139
\defaultaddspace=\dimen140
\@cmidla=\count125
\@cmidlb=\count126
\@aboverulesep=\dimen141
\@belowrulesep=\dimen142
\@thisruleclass=\count127
\@lastruleclass=\count128
\@thisrulewidth=\dimen143
) ("C:\Program Files\MiKTeX 2.9\tex\latex\graphics\rotating.sty"
Package: rotating 2016/08/11 v2.16d rotated objects in LaTeX

("C:\Program Files\MiKTeX 2.9\tex\latex\graphics\graphicx.sty"
Package: graphicx 2017/06/01 v1.1a Enhanced LaTeX Graphics (DPC,SPQR)

("C:\Program Files\MiKTeX 2.9\tex\latex\graphics\graphics.sty"
Package: graphics 2017/06/25 v1.2c Standard LaTeX Graphics (DPC,SPQR)

("C:\Program Files\MiKTeX 2.9\tex\latex\graphics\trig.sty"
Package: trig 2016/01/03 v1.10 sin cos tan (DPC)
)
("C:\Program Files\MiKTeX 2.9\tex\latex\graphics-cfg\graphics.cfg"
File: graphics.cfg 2016/06/04 v1.11 sample graphics configuration
)
Package graphics Info: Driver file: pdftex.def on input line 99.
)
\Gin@req@height=\dimen144
\Gin@req@width=\dimen145
)
("C:\Program Files\MiKTeX 2.9\tex\latex\base\ifthen.sty"
Package: ifthen 2014/09/29 v1.1c Standard LaTeX ifthen package (DPC)
)
\c@r@tfl@t=\count129
\rotFPtop=\skip55
\rotFPbot=\skip56
\rot@float@box=\box48
\rot@mess@toks=\toks32
)
("C:\Program Files\MiKTeX 2.9\tex\latex\oberdiek\transparent.sty"
Package: transparent 2016/05/16 v1.1 Transparency via pdfTeX's color stack (HO)

)
\@CTframesep=\dimen146
\@dfltCTframesep=\dimen147
\@CTframerule=\dimen148
\@dfltCTframerule=\dimen149
\@CTwidth=\dimen150
\@dfltCTwidth=\dimen151
\@CTcaptionskip=\dimen152
\@dfltCTcaptionskip=\dimen153
\@CTmaxwidth=\dimen154
\@dfltCTmaxwidth=\dimen155
\@CTmincapwidth=\dimen156
\@dfltCTmincapwidth=\dimen157
\@CTfooterwidth=\dimen158
\@dfltCTfooterwidth=\dimen159
\@CTw=\dimen160
\@CTfloatwidth=\dimen161
\@CToldsep=\dimen162
\@CToldrule=\dimen163
\CT@t=\box49
\@CTcurftwidth=\dimen164
)
("C:\Program Files\MiKTeX 2.9\tex\latex\tools\calc.sty"
Package: calc 2017/05/25 v4.3 Infix arithmetic (KKT,FJ)
\calc@Acount=\count130
\calc@Bcount=\count131
\calc@Adimen=\dimen165
\calc@Bdimen=\dimen166
\calc@Askip=\skip57
\calc@Bskip=\skip58
LaTeX Info: Redefining \setlength on input line 80.
LaTeX Info: Redefining \addtolength on input line 81.
\calc@Ccount=\count132
\calc@Cskip=\skip59
)
(C:\Users\Immediacy\AppData\Roaming\MiKTeX\2.9\tex\latex\was\gensymb.sty
Package: gensymb 2003/07/02 v1.0 (WaS)
)
(C:\Users\Immediacy\AppData\Roaming\MiKTeX\2.9\tex\latex\chngcntr\chngcntr.sty
Package: chngcntr 2018/04/09 v1.1a change counter resetting
Package chngcntr Info: \counterwithout already defined.
(chngcntr)             Quitting chngcntr on input line 21.
)
\c@captionedequationset=\count133
\captionlength=\dimen167
Class revtex4-1 Info: Unrecognized array package. Please update this document c
lass! (Proceeding with fingers crossed.) on input line 29.
Class revtex4-1 Info: Robustifying \LaTeX's \boldmath command on input line 29.

Class revtex4-1 Info: cite was not loaded (OK!) on input line 29.
Class revtex4-1 Info: mcite was not loaded (OK!) on input line 29.
Class revtex4-1 Info: multicol was not loaded (OK!) on input line 29.
(Wainwright_Capstone_II.aux

LaTeX Warning: Label `fig:M67_pos' multiply defined.

)
\openout1 = `Wainwright_Capstone_II.aux'.

LaTeX Font Info:    Checking defaults for OML/cmm/m/it on input line 29.
LaTeX Font Info:    ... okay on input line 29.
LaTeX Font Info:    Checking defaults for T1/cmr/m/n on input line 29.
LaTeX Font Info:    ... okay on input line 29.
LaTeX Font Info:    Checking defaults for OT1/cmr/m/n on input line 29.
LaTeX Font Info:    ... okay on input line 29.
LaTeX Font Info:    Checking defaults for OMS/cmsy/m/n on input line 29.
LaTeX Font Info:    ... okay on input line 29.
LaTeX Font Info:    Checking defaults for OMX/cmex/m/n on input line 29.
LaTeX Font Info:    ... okay on input line 29.
LaTeX Font Info:    Checking defaults for U/cmr/m/n on input line 29.
LaTeX Font Info:    ... okay on input line 29.
LaTeX Font Info:    Checking defaults for PD1/pdf/m/n on input line 29.
LaTeX Font Info:    ... okay on input line 29.
\AtBeginShipoutBox=\box50
Package hyperref Info: Link coloring OFF on input line 29.
 ("C:\Program Files\MiKTeX 2.9\tex\latex\hyperref\nameref.sty"
Package: nameref 2016/05/21 v2.44 Cross-referencing by name of section

("C:\Program Files\MiKTeX 2.9\tex\generic\oberdiek\gettitlestring.sty"
Package: gettitlestring 2016/05/16 v1.5 Cleanup title references (HO)
)
\c@section@level=\count134
)
LaTeX Info: Redefining \ref on input line 29.
LaTeX Info: Redefining \pageref on input line 29.
LaTeX Info: Redefining \nameref on input line 29.

(Wainwright_Capstone_II.out) (Wainwright_Capstone_II.out)
\@outlinefile=\write4
\openout4 = `Wainwright_Capstone_II.out'.

Package caption Info: Begin \AtBeginDocument code.
Package caption Info: rotating package is loaded.
Package caption Info: End \AtBeginDocument code.

(C:\Users\Immediacy\AppData\Roaming\MiKTeX\2.9\tex\context\base\supp-pdf.mkii
[Loading MPS to PDF converter (version 2006.09.02).]
\scratchcounter=\count135
\scratchdimen=\dimen168
\scratchbox=\box51
\nofMPsegments=\count136
\nofMParguments=\count137
\everyMPshowfont=\toks33
\MPscratchCnt=\count138
\MPscratchDim=\dimen169
\MPnumerator=\count139
\makeMPintoPDFobject=\count140
\everyMPtoPDFconversion=\toks34
) ("C:\Program Files\MiKTeX 2.9\tex\latex\oberdiek\epstopdf-base.sty"
Package: epstopdf-base 2016/05/15 v2.6 Base part for package epstopdf

("C:\Program Files\MiKTeX 2.9\tex\latex\oberdiek\grfext.sty"
Package: grfext 2016/05/16 v1.2 Manage graphics extensions (HO)
)
Package epstopdf-base Info: Redefining graphics rule for `.eps' on input line 4
38.
Package grfext Info: Graphics extension search list:
(grfext)             [.pdf,.png,.jpg,.mps,.jpeg,.jbig2,.jb2,.PDF,.PNG,.JPG,.JPE
G,.JBIG2,.JB2,.eps]
(grfext)             \AppendGraphicsExtensions on input line 456.
)
LaTeX Info: Redefining \celsius on input line 29.
Package gensymb Info: Faking symbols for \degree and \celsius on input line 29.



Package gensymb Warning: Not defining \perthousand.

LaTeX Info: Redefining \ohm on input line 29.
Package gensymb Info: Using \Omega for \ohm on input line 29.

Package gensymb Warning: Not defining \micro.

Class revtex4-1 Info: Taking \maketitle back from hyperref on input line 29.
\openout3 = `Wainwright_Capstone_IINotes.bib'.

LaTeX Font Info:    Try loading font information for U+msa on input line 49.
("C:\Program Files\MiKTeX 2.9\tex\latex\amsfonts\umsa.fd"
File: umsa.fd 2013/01/14 v3.01 AMS symbols A
)
LaTeX Font Info:    Try loading font information for U+msb on input line 49.

("C:\Program Files\MiKTeX 2.9\tex\latex\amsfonts\umsb.fd"
File: umsb.fd 2013/01/14 v3.01 AMS symbols B
) [1{C:/Users/Immediacy/AppData/Local/MiKTeX/2.9/pdftex/config/pdftex.map}]
<M67_pm_unfiltered.pdf, id=91, 462.52798pt x 346.89601pt>
File: M67_pm_unfiltered.pdf Graphic file (type pdf)
<use M67_pm_unfiltered.pdf>
Package pdftex.def Info: M67_pm_unfiltered.pdf  used on input line 75.
(pdftex.def)             Requested size: 289.07999pt x 216.82005pt.

Overfull \hbox (43.07999pt too wide) in paragraph at lines 75--76
 [][] 
 []

<M67_ra_dec_overlay.pdf, id=92, 462.52798pt x 346.89601pt>
File: M67_ra_dec_overlay.pdf Graphic file (type pdf)
<use M67_ra_dec_overlay.pdf>
Package pdftex.def Info: M67_ra_dec_overlay.pdf  used on input line 83.
(pdftex.def)             Requested size: 289.07999pt x 216.82005pt.

Overfull \hbox (43.07999pt too wide) in paragraph at lines 83--84
 [][] 
 []


LaTeX Warning: `!h' float specifier changed to `!ht'.

[2 <./M67_pm_unfiltered.pdf>]

LaTeX Warning: A float is stuck (cannot be placed) on input line 89.


LaTeX Warning: A float is stuck (cannot be placed) on input line 89.


Class revtex4-1 Warning: Deferred float stuck during \clearpage processing.

<M67_CMD_unfiltered.pdf, id=135, 462.52798pt x 346.89601pt>
File: M67_CMD_unfiltered.pdf Graphic file (type pdf)
<use M67_CMD_unfiltered.pdf>
Package pdftex.def Info: M67_CMD_unfiltered.pdf  used on input line 99.
(pdftex.def)             Requested size: 252.94499pt x 189.70828pt.

Overfull \hbox (6.94499pt too wide) in paragraph at lines 99--100
 [][] 
 []

<M67_CMD_filtered.pdf, id=136, 462.52798pt x 346.89601pt>
File: M67_CMD_filtered.pdf Graphic file (type pdf)
<use M67_CMD_filtered.pdf>
Package pdftex.def Info: M67_CMD_filtered.pdf  used on input line 106.
(pdftex.def)             Requested size: 252.94499pt x 189.70828pt.

Overfull \hbox (6.94499pt too wide) in paragraph at lines 106--107
 [][] 
 []


LaTeX Warning: `!h' float specifier changed to `!ht'.

[3 <./M67_ra_dec_overlay.pdf> <./M67_CMD_unfiltered.pdf

pdfTeX warning: pdflatex (file ./M67_CMD_unfiltered.pdf): PDF inclusion: multip
le pdfs with page group included in a single page
>]

LaTeX Warning: A float is stuck (cannot be placed) on input line 112.


LaTeX Warning: A float is stuck (cannot be placed) on input line 112.


Class revtex4-1 Warning: Deferred float stuck during \clearpage processing.

<M67_MS_Spread.pdf, id=209, 462.52798pt x 346.89601pt>
File: M67_MS_Spread.pdf Graphic file (type pdf)
<use M67_MS_Spread.pdf>
Package pdftex.def Info: M67_MS_Spread.pdf  used on input line 118.
(pdftex.def)             Requested size: 252.94499pt x 189.70828pt.

Overfull \hbox (6.94499pt too wide) in paragraph at lines 118--119
 [][] 
 []

[4 <./M67_CMD_filtered.pdf> <./M67_MS_Spread.pdf

pdfTeX warning: pdflatex (file ./M67_MS_Spread.pdf): PDF inclusion: multiple pd
fs with page group included in a single page
>]
<iso_sample_age.pdf, id=299, 462.52798pt x 345.4506pt>
File: iso_sample_age.pdf Graphic file (type pdf)
<use iso_sample_age.pdf>
Package pdftex.def Info: iso_sample_age.pdf  used on input line 131.
(pdftex.def)             Requested size: 252.94499pt x 188.91783pt.

Overfull \hbox (6.94499pt too wide) in paragraph at lines 131--132
 [][] 
 []

<iso_sample_metallicity.pdf, id=300, 462.52798pt x 345.4506pt>
File: iso_sample_metallicity.pdf Graphic file (type pdf)
<use iso_sample_metallicity.pdf>
Package pdftex.def Info: iso_sample_metallicity.pdf  used on input line 138.
(pdftex.def)             Requested size: 252.94499pt x 188.91783pt.

Overfull \hbox (6.94499pt too wide) in paragraph at lines 138--139
 [][] 
 []


LaTeX Warning: `!h' float specifier changed to `!ht'.

<reddening.pdf, id=301, 462.52798pt x 346.89601pt>
File: reddening.pdf Graphic file (type pdf)
<use reddening.pdf>
Package pdftex.def Info: reddening.pdf  used on input line 145.
(pdftex.def)             Requested size: 252.94499pt x 189.70828pt.

Overfull \hbox (6.94499pt too wide) in paragraph at lines 145--146
 [][] 
 []


LaTeX Warning: `!h' float specifier changed to `!ht'.

[5 <./iso_sample_age.pdf> <./iso_sample_metallicity.pdf

pdfTeX warning: pdflatex (file ./iso_sample_metallicity.pdf): PDF inclusion: mu
ltiple pdfs with page group included in a single page
> <./reddening.pdf

pdfTeX warning: pdflatex (file ./reddening.pdf): PDF inclusion: multiple pdfs w
ith page group included in a single page
>]
<weight.pdf, id=409, 462.52798pt x 346.89601pt>
File: weight.pdf Graphic file (type pdf)
<use weight.pdf>
Package pdftex.def Info: weight.pdf  used on input line 175.
(pdftex.def)             Requested size: 252.94499pt x 189.70828pt.

Overfull \hbox (6.94499pt too wide) in paragraph at lines 175--176
 [][] 
 []


LaTeX Warning: `!h' float specifier changed to `!ht'.

[6]

LaTeX Warning: A float is stuck (cannot be placed) on input line 182.


LaTeX Warning: A float is stuck (cannot be placed) on input line 182.


Class revtex4-1 Warning: Deferred float stuck during \clearpage processing.

<M67_CMD_Iso_BestFit.pdf, id=421, 462.52798pt x 346.89601pt>
File: M67_CMD_Iso_BestFit.pdf Graphic file (type pdf)
<use M67_CMD_Iso_BestFit.pdf>
Package pdftex.def Info: M67_CMD_Iso_BestFit.pdf  used on input line 195.
(pdftex.def)             Requested size: 252.94499pt x 189.70828pt.

Overfull \hbox (6.94499pt too wide) in paragraph at lines 195--196
 [][] 
 []

<M35_CMD_Iso_BestFit.pdf, id=422, 462.52798pt x 346.89601pt>
File: M35_CMD_Iso_BestFit.pdf Graphic file (type pdf)
<use M35_CMD_Iso_BestFit.pdf>
Package pdftex.def Info: M35_CMD_Iso_BestFit.pdf  used on input line 202.
(pdftex.def)             Requested size: 252.94499pt x 189.70828pt.

Overfull \hbox (6.94499pt too wide) in paragraph at lines 202--203
 [][] 
 []


LaTeX Warning: `!h' float specifier changed to `!ht'.

<NGC188_CMD_Iso_BestFit.pdf, id=423, 462.52798pt x 346.89601pt>
File: NGC188_CMD_Iso_BestFit.pdf Graphic file (type pdf)
<use NGC188_CMD_Iso_BestFit.pdf>
Package pdftex.def Info: NGC188_CMD_Iso_BestFit.pdf  used on input line 209.
(pdftex.def)             Requested size: 252.94499pt x 189.70828pt.

Overfull \hbox (6.94499pt too wide) in paragraph at lines 209--210
 [][] 
 []


LaTeX Warning: `!h' float specifier changed to `!ht'.

[7 <./weight.pdf> <./M67_CMD_Iso_BestFit.pdf

pdfTeX warning: pdflatex (file ./M67_CMD_Iso_BestFit.pdf): PDF inclusion: multi
ple pdfs with page group included in a single page
>]

LaTeX Warning: A float is stuck (cannot be placed) on input line 216.


LaTeX Warning: A float is stuck (cannot be placed) on input line 216.


Class revtex4-1 Warning: Deferred float stuck during \clearpage processing.

<gaiaTable.pdf, id=527, 565.4411pt x 655.03828pt>
File: gaiaTable.pdf Graphic file (type pdf)
<use gaiaTable.pdf>
Package pdftex.def Info: gaiaTable.pdf  used on input line 225.
(pdftex.def)             Requested size: 252.94499pt x 293.02536pt.

Overfull \hbox (6.94499pt too wide) in paragraph at lines 225--226
 [][] 
 []


LaTeX Warning: `!h' float specifier changed to `!ht'.

[8 <./M35_CMD_Iso_BestFit.pdf> <./NGC188_CMD_Iso_BestFit.pdf

pdfTeX warning: pdflatex (file ./NGC188_CMD_Iso_BestFit.pdf): PDF inclusion: mu
ltiple pdfs with page group included in a single page
>]

LaTeX Warning: A float is stuck (cannot be placed) on input line 233.


LaTeX Warning: A float is stuck (cannot be placed) on input line 233.


Class revtex4-1 Warning: Deferred float stuck during \clearpage processing.


Overfull \hbox (4.6422pt too wide) in paragraph at lines 236--248
 []$[]$ 
 []


LaTeX Warning: `!h' float specifier changed to `!ht'.

(Wainwright_Capstone_II.bbl
Underfull \hbox (badness 3128) in paragraph at lines 4--8
 []\OT1/cmr/m/n/9 European Space Agency,  Gaia mis-sion sum-mary,
 []


Underfull \hbox (badness 2469) in paragraph at lines 10--14
 \OT1/cmr/m/n/9 era,  []http://sci.esa.int/gaia/53281-inside-gaia-s-billion-
 []


Underfull \hbox (badness 2856) in paragraph at lines 22--26
 []\OT1/cmr/m/n/9 A. Dot-ter,  Dart-mouth stel-lar evo-lu-tion database,
 []

[9 <./gaiaTable.pdf>]
Underfull \hbox (badness 3954) in paragraph at lines 32--36
 []\OT1/cmr/m/n/9 Universite de Stras-bourg,  SIM-BAD As-tro-nom-i-cal
 []


Underfull \hbox (badness 3343) in paragraph at lines 50--53
 []\OT1/cmr/m/n/9 Q. Sun, C. P. Deliyan-nis, B. A. Twarog, B. J.
 []

)
Package atveryend Info: Executing hook `AtVeryEndDocument' on input line 269.
 [10]
Package atveryend Info: Empty hook `AfterLastShipout' on input line 269.
 (Wainwright_Capstone_II.aux)
Package atveryend Info: Executing hook `AtEndAfterFileList' on input line 269.
Package rerunfilecheck Info: File `Wainwright_Capstone_II.out' has not changed.

(rerunfilecheck)             Checksum: 9BC3C2F7D06CC653C54E5AA5E21CB28A;1045.


LaTeX Warning: There were multiply-defined labels.

 ) 
Here is how much of TeX's memory you used:
 10659 strings out of 492970
 153709 string characters out of 3135842
 291195 words of memory out of 3000000
 14318 multiletter control sequences out of 15000+200000
 13994 words of font info for 52 fonts, out of 3000000 for 9000
 1141 hyphenation exceptions out of 8191
 39i,10n,77p,1954b,515s stack positions out of 5000i,500n,10000p,200000b,50000s
<C:/Program Files/MiKTeX 2.9/fonts/type1/public/amsfonts/cm/cmbx12.pfb><C:/Pr
ogram Files/MiKTeX 2.9/fonts/type1/public/amsfonts/cm/cmbx9.pfb><C:/Program Fil
es/MiKTeX 2.9/fonts/type1/public/amsfonts/cm/cmex10.pfb><C:/Program Files/MiKTe
X 2.9/fonts/type1/public/amsfonts/cmextra/cmex9.pfb><C:/Program Files/MiKTeX 2.
9/fonts/type1/public/amsfonts/cm/cmmi10.pfb><C:/Program Files/MiKTeX 2.9/fonts/
type1/public/amsfonts/cm/cmmi6.pfb><C:/Program Files/MiKTeX 2.9/fonts/type1/pub
lic/amsfonts/cm/cmmi7.pfb><C:/Program Files/MiKTeX 2.9/fonts/type1/public/amsfo
nts/cm/cmmi9.pfb><C:/Program Files/MiKTeX 2.9/fonts/type1/public/amsfonts/cm/cm
r10.pfb><C:/Program Files/MiKTeX 2.9/fonts/type1/public/amsfonts/cm/cmr5.pfb><C
:/Program Files/MiKTeX 2.9/fonts/type1/public/amsfonts/cm/cmr6.pfb><C:/Program 
Files/MiKTeX 2.9/fonts/type1/public/amsfonts/cm/cmr7.pfb><C:/Program Files/MiKT
eX 2.9/fonts/type1/public/amsfonts/cm/cmr9.pfb><C:/Program Files/MiKTeX 2.9/fon
ts/type1/public/amsfonts/cm/cmsy10.pfb><C:/Program Files/MiKTeX 2.9/fonts/type1
/public/amsfonts/cm/cmsy6.pfb><C:/Program Files/MiKTeX 2.9/fonts/type1/public/a
msfonts/cm/cmsy9.pfb><C:/Program Files/MiKTeX 2.9/fonts/type1/public/amsfonts/c
m/cmti9.pfb>
Output written on Wainwright_Capstone_II.pdf (10 pages, 2371591 bytes).
PDF statistics:
 740 PDF objects out of 1000 (max. 8388607)
 53 named destinations out of 1000 (max. 500000)
 194 words of extra memory for PDF output out of 10000 (max. 10000000)

