\BOOKMARK [1][-]{section.1}{Introduction}{}% 1
\BOOKMARK [1][-]{section.2}{Manuscript styles}{}% 2
\BOOKMARK [1][-]{section.3}{Floats}{}% 3
\BOOKMARK [2][-]{subsection.3.1}{Tables}{section.3}% 4
\BOOKMARK [3][-]{subsubsection.3.1.1}{Column math mode}{subsection.3.1}% 5
\BOOKMARK [3][-]{subsubsection.3.1.2}{Decimal alignment}{subsection.3.1}% 6
\BOOKMARK [3][-]{subsubsection.3.1.3}{Automatic column header numbering}{subsection.3.1}% 7
\BOOKMARK [3][-]{subsubsection.3.1.4}{Hiding columns}{subsection.3.1}% 8
\BOOKMARK [3][-]{subsubsection.3.1.5}{Splitting a table into multiple horizontal components}{subsection.3.1}% 9
\BOOKMARK [2][-]{subsection.3.2}{Figures}{section.3}% 10
\BOOKMARK [2][-]{subsection.3.3}{General figures}{section.3}% 11
\BOOKMARK [2][-]{subsection.3.4}{Grid figures}{section.3}% 12
\BOOKMARK [2][-]{subsection.3.5}{Enhanced graphics}{section.3}% 13
\BOOKMARK [3][-]{subsubsection.3.5.1}{Figure sets}{subsection.3.5}% 14
\BOOKMARK [3][-]{subsubsection.3.5.2}{Animations }{subsection.3.5}% 15
\BOOKMARK [3][-]{subsubsection.3.5.3}{Interactive figures }{subsection.3.5}% 16
\BOOKMARK [1][-]{section.4}{Displaying mathematics}{}% 17
\BOOKMARK [1][-]{section.5}{Revision tracking and color highlighting}{}% 18
\BOOKMARK [1][-]{section.6}{Software and third party data repository citations}{}% 19
\BOOKMARK [1][-]{appendix.A}{Appendix information}{}% 20
\BOOKMARK [1][-]{appendix.B}{Author publication charges}{}% 21
\BOOKMARK [1][-]{appendix.C}{Rotating tables}{}% 22
\BOOKMARK [1][-]{appendix.D}{IAU recommendations for nominal units }{}% 23
\BOOKMARK [1][-]{appendix.E}{Using Chinese, Japanese, and Korean characters}{}% 24
