This is pdfTeX, Version 3.14159265-2.6-1.40.19 (MiKTeX 2.9.6840 64-bit) (preloaded format=pdflatex 2018.10.20)  11 APR 2022 20:16
entering extended mode
**./Wainwright_Thesis.tex
(Wainwright_Thesis.tex
LaTeX2e <2018-04-01> patch level 5
(aastex631.cls
Document Class: aastex631 2020/12/20 Version 6.3.1d/AAS markup document class
Class aastex Info: 
 
 Original \LaTeX2.09 style by Chris Biemesderfer (chris@seagoat.com). 
 Adapted to \LaTeXe by A. Ogawa (ogawa@teleport.com)
 emulateapj.cls included, Copyright 2000-2015 Alexey Vikhlinin 
 Rewrite and update of emulateapj.cls, revised and enhanced with table macros, 
gridlines, draft watermark,
 track changes, new `modern' style and much more, by Amy Hendrickson,
 (amyh@texnology.com, http://www.texnology.com) 
 
  on input line 106.
\bibbaselineskip=\skip41
(C:\Users\Immediacy\AppData\Roaming\MiKTeX\2.9\tex\latex\revtex\revtex4-1.cls
Document Class: revtex4-1 2010/07/25/20:33:00 4.1r (http://publish.aps.org/revt
ex4/ for documentation)
 Copyright (c) 2009 The American Physical Society.
 mailto:revtex@aps.org
 Licensed under the LPPL:
http://www.ctan.org/tex-archive/macros/latex/base/lppl.txt
 Arthur Ogawa <arthur_ogawa at sbcglobal dot net>
 Based on work by David Carlisle <david at dcarlisle.demon.co.uk>.
ltxutil[2010/07/25/20:33:00 4.1r utilities package (portions licensed from W. E
. Baxter web at superscript.com)]
LaTeX Info: Redefining \@centercr on input line 308.
Class revtex4-1 Info: Repairing broken LaTeX eqnarray on input line 358.
\eqncolsep=\skip42
Class revtex4-1 Info: Repairing hyperref-unfriendly LaTeX definition of \mpfoot
note on input line 433.
Class revtex4-1 Info: Repairing broken LateX \@sect on input line 755.
\intertabularlinepenalty=\count80
\@tbpen=\count81
\@arstrutbox@hline=\box26
Class revtex4-1 Info: Repairing broken LaTeX \@xbitor on input line 1786.
Class revtex4-1 Info: Making \typeout \long on input line 2046.
ltxfront[2010/07/25/20:33:00 4.1r frontmatter package (AO,DPC)]
\c@affil=\count82
\c@collab=\count83
\absbox=\box27
ltxgrid[2010/07/25/20:33:00 4.1r page grid package (portions licensed from W. E
. Baxter web at superscript.com)]
\c@linecount=\count84
\output@latex=\toks14
\box@size@1=\box28
\box@size@2=\box29
\@protection@box=\box30
\@topmark@saved=\toks15
\footins@saved=\box31
\footins@recovered=\box32
\column@recovered=\box33
\pagesofar=\box34
\footsofar=\box35
\pagegrid@col=\count85
Class revtex4-1 Info: Overriding \@vspace, \@vspacer, \@no@pgbk, \@newline, and
 \\  on input line 5578.
\c@part=\count86
\c@section=\count87
\c@subsection=\count88
\c@subsubsection=\count89
\c@paragraph=\count90
\c@subparagraph=\count91
\abovecaptionskip=\skip43
\belowcaptionskip=\skip44
\c@figure=\count92
\fbox@1=\box36
\c@table=\count93
\fbox@2=\box37
\c@video=\count94
\fbox@4=\box38
\@bibdataout=\write3
\widetext@top=\box39
\widetext@bot=\box40
Class revtex4-1 Info: Selecting society aps on input line 7542.
(C:\Users\Immediacy\AppData\Roaming\MiKTeX\2.9\tex\latex\revtex\aps4-1.rtx
File: aps4-1 2010/07/25/20:33:00 4.1r (http://publish.aps.org/revtex4/ for docu
mentation)
Class revtex4-1 Info: RevTeX society APS selected on input line 31.
)
Class revtex4-1 Info: Selecting journal pra on input line 7544.
Class revtex4-1 Info: APS journal PRA selected on input line 7545.

(C:\Users\Immediacy\AppData\Roaming\MiKTeX\2.9\tex\latex\revtex\aps10pt4-1.rtx
File: aps10pt4-1 2010/07/25/20:33:00 4.1r (http://publish.aps.org/revtex4/ for 
documentation)
Class revtex4-1 Info: RevTeX pointsize 10pt selected on input line 30.
) (C:\Users\Immediacy\AppData\Roaming\MiKTeX\2.9\tex\latex\textcase\textcase.st
y
Package: textcase 2019/09/14 v1.00 Text only upper/lower case changing (DPC)
) (C:\Users\Immediacy\AppData\Roaming\MiKTeX\2.9\tex\latex\url\url.sty
\Urlmuskip=\muskip10
Package: url 2013/09/16  ver 3.4  Verb mode for urls, etc.
)
(C:\Users\Immediacy\AppData\Roaming\MiKTeX\2.9\tex\latex\natbib\natbib.sty
Package: natbib 2010/09/13 8.31b (PWD, AO)
\bibhang=\skip45
\bibsep=\skip46
LaTeX Info: Redefining \cite on input line 694.
\c@NAT@ctr=\count95
)
Class revtex4-1 Info: Repairing natbib's \BibitemShut on input line 7549.

(C:\Users\Immediacy\AppData\Roaming\MiKTeX\2.9\tex\latex\revtex\revsymb4-1.sty
Package: revsymb4-1 2010/07/25/20:33:00 4.1r (http://publish.aps.org/revtex4/ f
or documentation)
LaTeX Info: Redefining \REV@mathfrak on input line 119.
)) ("C:\Program Files\MiKTeX 2.9\tex\latex\base\latexsym.sty"
Package: latexsym 1998/08/17 v2.2e Standard LaTeX package (lasy symbols)
\symlasy=\mathgroup4
LaTeX Font Info:    Overwriting symbol font `lasy' in version `bold'
(Font)                  U/lasy/m/n --> U/lasy/b/n on input line 52.
)
("C:\Program Files\MiKTeX 2.9\tex\latex\graphics\graphicx.sty"
Package: graphicx 2017/06/01 v1.1a Enhanced LaTeX Graphics (DPC,SPQR)

("C:\Program Files\MiKTeX 2.9\tex\latex\graphics\keyval.sty"
Package: keyval 2014/10/28 v1.15 key=value parser (DPC)
\KV@toks@=\toks16
)
("C:\Program Files\MiKTeX 2.9\tex\latex\graphics\graphics.sty"
Package: graphics 2017/06/25 v1.2c Standard LaTeX Graphics (DPC,SPQR)

("C:\Program Files\MiKTeX 2.9\tex\latex\graphics\trig.sty"
Package: trig 2016/01/03 v1.10 sin cos tan (DPC)
)
("C:\Program Files\MiKTeX 2.9\tex\latex\graphics-cfg\graphics.cfg"
File: graphics.cfg 2016/06/04 v1.11 sample graphics configuration
)
Package graphics Info: Driver file: pdftex.def on input line 99.

("C:\Program Files\MiKTeX 2.9\tex\latex\graphics-def\pdftex.def"
File: pdftex.def 2018/01/08 v1.0l Graphics/color driver for pdftex
))
\Gin@req@height=\dimen102
\Gin@req@width=\dimen103
)
("C:\Program Files\MiKTeX 2.9\tex\latex\amsfonts\amssymb.sty"
Package: amssymb 2013/01/14 v3.01 AMS font symbols

("C:\Program Files\MiKTeX 2.9\tex\latex\amsfonts\amsfonts.sty"
Package: amsfonts 2013/01/14 v3.01 Basic AMSFonts support
\@emptytoks=\toks17
\symAMSa=\mathgroup5
\symAMSb=\mathgroup6
LaTeX Font Info:    Overwriting math alphabet `\mathfrak' in version `bold'
(Font)                  U/euf/m/n --> U/euf/b/n on input line 106.
LaTeX Info: Redefining \frak on input line 111.
LaTeX Info: Redefining \Bbb on input line 113.
))
(C:\Users\Immediacy\AppData\Roaming\MiKTeX\2.9\tex\latex\epsf\epsf.sty
This is `epsf.tex' v2.7.4 <14 February 2011>
\epsffilein=\read1
\epsfframemargin=\dimen104
\epsfframethickness=\dimen105
\epsfrsize=\dimen106
\epsftmp=\dimen107
\epsftsize=\dimen108
\epsfxsize=\dimen109
\epsfysize=\dimen110
\pspoints=\dimen111
)
\rptnum=\count96
\rptloopnum=\count97
\fncount=\count98
\endfncount=\count99
\c@front@matter@foot@note=\count100
\keys@width=\skip47
\c@lastfootnote=\count101
\tempsectnum=\count102
\ackbox=\box41
\c@remember@figure@num=\count103
\c@remember@table@num=\count104
\bibskip=\skip48
\bibindent=\dimen112
\plot@width=\skip49
\c@table@save=\count105
\@abovenoteskip=\dimen113
\table@note@skip=\skip50
\deluxe@table@width=\skip51
\@d@t@a=\skip52
\c@deluxe@table@num=\count106
\LTcapwidth=\dimen114
\abovedeluxetableskip=\skip53
\belowdeluxetableskip=\skip54
\lastrowheight=\dimen115
\DT@p@ftn=\toks18
\pt@column=\count107
\pt@ncol=\count108
 ("C:\Program Files\MiKTeX 2.9\tex\latex\tools\longtable.sty"
Package: longtable 2014/10/28 v4.11 Multi-page Table package (DPC)
\LTleft=\skip55
\LTright=\skip56
\LTpre=\skip57
\LTpost=\skip58
\LTchunksize=\count109
\LTcapwidth=\dimen116
\LT@head=\box42
\LT@firsthead=\box43
\LT@foot=\box44
\LT@lastfoot=\box45
\LT@cols=\count110
\LT@rows=\count111
\c@LT@tables=\count112
\c@LT@chunks=\count113
\LT@p@ftn=\toks19
)
(C:\Users\Immediacy\AppData\Roaming\MiKTeX\2.9\tex\latex\xcolor\xcolor.sty
Package: xcolor 2016/05/11 v2.12 LaTeX color extensions (UK)

("C:\Program Files\MiKTeX 2.9\tex\latex\graphics-cfg\color.cfg"
File: color.cfg 2016/01/02 v1.6 sample color configuration
)
Package xcolor Info: Driver file: pdftex.def on input line 225.

(C:\Users\Immediacy\AppData\Roaming\MiKTeX\2.9\tex\latex\colortbl\colortbl.sty
Package: colortbl 2020/01/04 v1.0e Color table columns (DPC)

("C:\Program Files\MiKTeX 2.9\tex\latex\tools\array.sty"
Package: array 2018/04/30 v2.4h Tabular extension package (FMi)
\col@sep=\dimen117
\ar@mcellbox=\box46
\extrarowheight=\dimen118
\NC@list=\toks20
\extratabsurround=\skip59
\backup@length=\skip60
\ar@cellbox=\box47
)
\everycr=\toks21
\minrowclearance=\skip61
)
\rownum=\count114
Package xcolor Info: Model `cmy' substituted by `cmy0' on input line 1348.
Package xcolor Info: Model `hsb' substituted by `rgb' on input line 1352.
Package xcolor Info: Model `RGB' extended on input line 1364.
Package xcolor Info: Model `HTML' substituted by `rgb' on input line 1366.
Package xcolor Info: Model `Hsb' substituted by `hsb' on input line 1367.
Package xcolor Info: Model `tHsb' substituted by `hsb' on input line 1368.
Package xcolor Info: Model `HSB' substituted by `hsb' on input line 1369.
Package xcolor Info: Model `Gray' substituted by `gray' on input line 1370.
Package xcolor Info: Model `wave' substituted by `hsb' on input line 1371.
)
("C:\Program Files\MiKTeX 2.9\tex\latex\hyperref\hyperref.sty"
Package: hyperref 2018/09/30 v6.88a Hypertext links for LaTeX

("C:\Program Files\MiKTeX 2.9\tex\generic\oberdiek\hobsub-hyperref.sty"
Package: hobsub-hyperref 2016/05/16 v1.14 Bundle oberdiek, subset hyperref (HO)


("C:\Program Files\MiKTeX 2.9\tex\generic\oberdiek\hobsub-generic.sty"
Package: hobsub-generic 2016/05/16 v1.14 Bundle oberdiek, subset generic (HO)
Package: hobsub 2016/05/16 v1.14 Construct package bundles (HO)
Package: infwarerr 2016/05/16 v1.4 Providing info/warning/error messages (HO)
Package: ltxcmds 2016/05/16 v1.23 LaTeX kernel commands for general use (HO)
Package: ifluatex 2016/05/16 v1.4 Provides the ifluatex switch (HO)
Package ifluatex Info: LuaTeX not detected.
Package: ifvtex 2016/05/16 v1.6 Detect VTeX and its facilities (HO)
Package ifvtex Info: VTeX not detected.
Package: intcalc 2016/05/16 v1.2 Expandable calculations with integers (HO)
Package: ifpdf 2018/09/07 v3.3 Provides the ifpdf switch
Package: etexcmds 2016/05/16 v1.6 Avoid name clashes with e-TeX commands (HO)
Package etexcmds Info: Could not find \expanded.
(etexcmds)             That can mean that you are not using pdfTeX 1.50 or
(etexcmds)             that some package has redefined \expanded.
(etexcmds)             In the latter case, load this package earlier.
Package: kvsetkeys 2016/05/16 v1.17 Key value parser (HO)
Package: kvdefinekeys 2016/05/16 v1.4 Define keys (HO)
Package: pdftexcmds 2018/09/10 v0.29 Utility functions of pdfTeX for LuaTeX (HO
)
Package pdftexcmds Info: LuaTeX not detected.
Package pdftexcmds Info: \pdf@primitive is available.
Package pdftexcmds Info: \pdf@ifprimitive is available.
Package pdftexcmds Info: \pdfdraftmode found.
Package: pdfescape 2016/05/16 v1.14 Implements pdfTeX's escape features (HO)
Package: bigintcalc 2016/05/16 v1.4 Expandable calculations on big integers (HO
)
Package: bitset 2016/05/16 v1.2 Handle bit-vector datatype (HO)
Package: uniquecounter 2016/05/16 v1.3 Provide unlimited unique counter (HO)
)
Package hobsub Info: Skipping package `hobsub' (already loaded).
Package: letltxmacro 2016/05/16 v1.5 Let assignment for LaTeX macros (HO)
Package: hopatch 2016/05/16 v1.3 Wrapper for package hooks (HO)
Package: xcolor-patch 2016/05/16 xcolor patch
Package: atveryend 2016/05/16 v1.9 Hooks at the very end of document (HO)
Package: atbegshi 2016/06/09 v1.18 At begin shipout hook (HO)
Package: refcount 2016/05/16 v3.5 Data extraction from label references (HO)
Package: hycolor 2016/05/16 v1.8 Color options for hyperref/bookmark (HO)
)
("C:\Program Files\MiKTeX 2.9\tex\generic\ifxetex\ifxetex.sty"
Package: ifxetex 2010/09/12 v0.6 Provides ifxetex conditional
)
("C:\Program Files\MiKTeX 2.9\tex\latex\oberdiek\auxhook.sty"
Package: auxhook 2016/05/16 v1.4 Hooks for auxiliary files (HO)
)
("C:\Program Files\MiKTeX 2.9\tex\latex\oberdiek\kvoptions.sty"
Package: kvoptions 2016/05/16 v3.12 Key value format for package options (HO)
)
\@linkdim=\dimen119
\Hy@linkcounter=\count115
\Hy@pagecounter=\count116

("C:\Program Files\MiKTeX 2.9\tex\latex\hyperref\pd1enc.def"
File: pd1enc.def 2018/09/30 v6.88a Hyperref: PDFDocEncoding definition (HO)
Now handling font encoding PD1 ...
... no UTF-8 mapping file for font encoding PD1
)
\Hy@SavedSpaceFactor=\count117

("C:\Program Files\MiKTeX 2.9\tex\latex\00miktex\hyperref.cfg"
File: hyperref.cfg 2002/06/06 v1.2 hyperref configuration of TeXLive
)
Package hyperref Info: Option `bookmarks' set `true' on input line 4409.
Package hyperref Info: Option `pdfnewwindow' set `true' on input line 4409.
Package hyperref Info: Option `colorlinks' set `true' on input line 4409.
Package hyperref Info: Option `final' set `true' on input line 4409.
Package hyperref Info: Hyper figures OFF on input line 4535.
Package hyperref Info: Link nesting OFF on input line 4540.
Package hyperref Info: Hyper index ON on input line 4543.
Package hyperref Info: Plain pages OFF on input line 4550.
Package hyperref Info: Backreferencing OFF on input line 4555.
Package hyperref Info: Implicit mode ON; LaTeX internals redefined.
Package hyperref Info: Bookmarks ON on input line 4788.
LaTeX Info: Redefining \href on input line 5052.
\c@Hy@tempcnt=\count118
LaTeX Info: Redefining \url on input line 5141.
\XeTeXLinkMargin=\dimen120
\Fld@menulength=\count119
\Field@Width=\dimen121
\Fld@charsize=\dimen122
Package hyperref Info: Hyper figures OFF on input line 6396.
Package hyperref Info: Link nesting OFF on input line 6401.
Package hyperref Info: Hyper index ON on input line 6404.
Package hyperref Info: backreferencing OFF on input line 6411.
Package hyperref Info: Link coloring ON on input line 6414.
Package hyperref Info: Link coloring with OCG OFF on input line 6421.
Package hyperref Info: PDF/A mode OFF on input line 6426.
LaTeX Info: Redefining \ref on input line 6466.
LaTeX Info: Redefining \pageref on input line 6470.
\Hy@abspage=\count120
\c@Item=\count121
\c@Hfootnote=\count122
)
Package hyperref Info: Driver (autodetected): hpdftex.

("C:\Program Files\MiKTeX 2.9\tex\latex\hyperref\hpdftex.def"
File: hpdftex.def 2018/09/30 v6.88a Hyperref driver for pdfTeX
\Fld@listcount=\count123
\c@bookmark@seq@number=\count124

("C:\Program Files\MiKTeX 2.9\tex\latex\oberdiek\rerunfilecheck.sty"
Package: rerunfilecheck 2016/05/16 v1.8 Rerun checks for auxiliary files (HO)
Package uniquecounter Info: New unique counter `rerunfilecheck' on input line 2
82.
)
\Hy@SectionHShift=\skip62
)
\colorcount=\count125
\editnum=\count126
\refchangenumber=\count127
\listchangenum=\count128

(C:\Users\Immediacy\AppData\Roaming\MiKTeX\2.9\tex\latex\ulem\ulem.sty
\UL@box=\box48
\UL@hyphenbox=\box49
\UL@skip=\skip63
\UL@hook=\toks22
\UL@height=\dimen123
\UL@pe=\count129
\UL@pixel=\dimen124
\ULC@box=\box50
Package: ulem 2019/11/18
\ULdepth=\dimen125
)
\entriesinthiscollab=\count130
\allentries=\count131
\AuthorCollaborationLimit=\count132
\largestAffilNum=\count133
\totalentries=\count134
\docollabnum=\count135
\tempauthornumber=\count136
\countauthors=\count137
\testnum=\count138
\tempauthorminusone=\count139
\affilnum=\count140
\c@affilcount=\count141
\numauthors=\count142
\collabnum=\count143
\collabnamebox=\box51
\widetext@top=\box52
\widetext@bot=\box53
\currwidth=\dimen126
\interactbox=\box54
\movetableright=\dimen127
)
("C:\Program Files\MiKTeX 2.9\tex\latex\amsmath\amsmath.sty"
Package: amsmath 2017/09/02 v2.17a AMS math features
\@mathmargin=\skip64

For additional information on amsmath, use the `?' option.
("C:\Program Files\MiKTeX 2.9\tex\latex\amsmath\amstext.sty"
Package: amstext 2000/06/29 v2.01 AMS text

("C:\Program Files\MiKTeX 2.9\tex\latex\amsmath\amsgen.sty"
File: amsgen.sty 1999/11/30 v2.0 generic functions
\@emptytoks=\toks23
\ex@=\dimen128
)
LaTeX Info: Redefining \text on input line 28.
)
("C:\Program Files\MiKTeX 2.9\tex\latex\amsmath\amsbsy.sty"
Package: amsbsy 1999/11/29 v1.2d Bold Symbols
\pmbraise@=\dimen129
)
("C:\Program Files\MiKTeX 2.9\tex\latex\amsmath\amsopn.sty"
Package: amsopn 2016/03/08 v2.02 operator names
)
\inf@bad=\count144
LaTeX Info: Redefining \frac on input line 213.
\uproot@=\count145
\leftroot@=\count146
LaTeX Info: Redefining \overline on input line 375.
\classnum@=\count147
\DOTSCASE@=\count148
LaTeX Info: Redefining \ldots on input line 472.
LaTeX Info: Redefining \dots on input line 475.
LaTeX Info: Redefining \cdots on input line 596.
\Mathstrutbox@=\box55
\strutbox@=\box56
\big@size=\dimen130
LaTeX Font Info:    Redeclaring font encoding OML on input line 712.
LaTeX Font Info:    Redeclaring font encoding OMS on input line 713.
\macc@depth=\count149
\c@MaxMatrixCols=\count150
\dotsspace@=\muskip11
\c@parentequation=\count151
\dspbrk@lvl=\count152
\tag@help=\toks24
\row@=\count153
\column@=\count154
\maxfields@=\count155
\andhelp@=\toks25
\eqnshift@=\dimen131
\alignsep@=\dimen132
\tagshift@=\dimen133
\tagwidth@=\dimen134
\totwidth@=\dimen135
\lineht@=\dimen136
\@envbody=\toks26
\multlinegap=\skip65
\multlinetaggap=\skip66
\mathdisplay@stack=\toks27
LaTeX Info: Redefining \[ on input line 2817.
LaTeX Info: Redefining \] on input line 2818.
)
("C:\Program Files\MiKTeX 2.9\tex\latex\amscls\amsthm.sty"
Package: amsthm 2017/10/31 v2.20.4
\thm@style=\toks28
\thm@bodyfont=\toks29
\thm@headfont=\toks30
\thm@notefont=\toks31
\thm@headpunct=\toks32
\thm@preskip=\skip67
\thm@postskip=\skip68
\thm@headsep=\skip69
\dth@everypar=\toks33
)
("C:\Program Files\MiKTeX 2.9\tex\latex\tools\bm.sty"
Package: bm 2017/01/16 v1.2c Bold Symbol Support (DPC/FMi)
\symboldoperators=\mathgroup7
\symboldletters=\mathgroup8
\symboldsymbols=\mathgroup9
\symboldlasy=\mathgroup10
LaTeX Font Info:    Redeclaring math alphabet \mathbf on input line 141.
LaTeX Info: Redefining \bm on input line 207.
)
(C:\Users\Immediacy\AppData\Roaming\MiKTeX\2.9\tex\latex\slashbox\slashbox.sty
slashbox style by K.Yasuoka, May 1993.
\@slashboxa=\box57
\@slashboxb=\box58
\@slashboxc=\box59
\@slashboxwd=\count156
\@slashboxht=\count157
\@slashsepl=\dimen137
\@slashsepr=\dimen138
) (C:\Users\Immediacy\AppData\Roaming\MiKTeX\2.9\tex\latex\ctable\ctable.sty
Package: ctable 2015/10/17 v1.31 ctable package for flexible typesetting of tab
le and figure floats using key/value directives

(C:\Users\Immediacy\AppData\Roaming\MiKTeX\2.9\tex\latex\etoolbox\etoolbox.sty
Package: etoolbox 2018/08/19 v2.5f e-TeX tools for LaTeX (JAW)
\etb@tempcnta=\count158


Package etoolbox Warning: Patching '\begin' failed!
(etoolbox)                '\AtBeginEnvironment' will not work.


Package etoolbox Warning: Patching '\end' failed!
(etoolbox)                '\AtEndEnvironment' will not work.


Package etoolbox Warning: Patching '\end' failed!
(etoolbox)                '\AfterEndEnvironment' will not work.

) ("C:\Program Files\MiKTeX 2.9\tex\latex\xkeyval\xkeyval.sty"
Package: xkeyval 2014/12/03 v2.7a package option processing (HA)

("C:\Program Files\MiKTeX 2.9\tex\generic\xkeyval\xkeyval.tex"
("C:\Program Files\MiKTeX 2.9\tex\generic\xkeyval\xkvutils.tex"
\XKV@toks=\toks34
\XKV@tempa@toks=\toks35
)
\XKV@depth=\count159
File: xkeyval.tex 2014/12/03 v2.7a key=value parser (HA)
))
("C:\Program Files\MiKTeX 2.9\tex\latex\tools\tabularx.sty"
Package: tabularx 2016/02/03 v2.11b `tabularx' package (DPC)
\TX@col@width=\dimen139
\TX@old@table=\dimen140
\TX@old@col=\dimen141
\TX@target=\dimen142
\TX@delta=\dimen143
\TX@cols=\count160
\TX@ftn=\toks36
)
(C:\Users\Immediacy\AppData\Roaming\MiKTeX\2.9\tex\latex\booktabs\booktabs.sty
Package: booktabs 2020/01/12 v1.61803398 Publication quality tables
\heavyrulewidth=\dimen144
\lightrulewidth=\dimen145
\cmidrulewidth=\dimen146
\belowrulesep=\dimen147
\belowbottomsep=\dimen148
\aboverulesep=\dimen149
\abovetopsep=\dimen150
\cmidrulesep=\dimen151
\cmidrulekern=\dimen152
\defaultaddspace=\dimen153
\@cmidla=\count161
\@cmidlb=\count162
\@aboverulesep=\dimen154
\@belowrulesep=\dimen155
\@thisruleclass=\count163
\@lastruleclass=\count164
\@thisrulewidth=\dimen156
) ("C:\Program Files\MiKTeX 2.9\tex\latex\graphics\rotating.sty"
Package: rotating 2016/08/11 v2.16d rotated objects in LaTeX

("C:\Program Files\MiKTeX 2.9\tex\latex\base\ifthen.sty"
Package: ifthen 2014/09/29 v1.1c Standard LaTeX ifthen package (DPC)
)
\c@r@tfl@t=\count165
\rotFPtop=\skip70
\rotFPbot=\skip71
\rot@float@box=\box60
\rot@mess@toks=\toks37
)
("C:\Program Files\MiKTeX 2.9\tex\latex\oberdiek\transparent.sty"
Package: transparent 2016/05/16 v1.1 Transparency via pdfTeX's color stack (HO)

)
\@CTframesep=\dimen157
\@dfltCTframesep=\dimen158
\@CTframerule=\dimen159
\@dfltCTframerule=\dimen160
\@CTwidth=\dimen161
\@dfltCTwidth=\dimen162
\@CTcaptionskip=\dimen163
\@dfltCTcaptionskip=\dimen164
\@CTmaxwidth=\dimen165
\@dfltCTmaxwidth=\dimen166
\@CTmincapwidth=\dimen167
\@dfltCTmincapwidth=\dimen168
\@CTfooterwidth=\dimen169
\@dfltCTfooterwidth=\dimen170
\@CTw=\dimen171
\@CTfloatwidth=\dimen172
\@CToldsep=\dimen173
\@CToldrule=\dimen174
\CT@t=\box61
\@CTcurftwidth=\dimen175
)
("C:\Program Files\MiKTeX 2.9\tex\latex\tools\calc.sty"
Package: calc 2017/05/25 v4.3 Infix arithmetic (KKT,FJ)
\calc@Acount=\count166
\calc@Bcount=\count167
\calc@Adimen=\dimen176
\calc@Bdimen=\dimen177
\calc@Askip=\skip72
\calc@Bskip=\skip73
LaTeX Info: Redefining \setlength on input line 80.
LaTeX Info: Redefining \addtolength on input line 81.
\calc@Ccount=\count168
\calc@Cskip=\skip74
)
(C:\Users\Immediacy\AppData\Roaming\MiKTeX\2.9\tex\latex\was\gensymb.sty
Package: gensymb 2003/07/02 v1.0 (WaS)
)
(C:\Users\Immediacy\AppData\Roaming\MiKTeX\2.9\tex\latex\chngcntr\chngcntr.sty
Package: chngcntr 2018/04/09 v1.1a change counter resetting
Package chngcntr Info: \counterwithout already defined.
(chngcntr)             Quitting chngcntr on input line 21.
)
\c@captionedequationset=\count169
\captionlength=\dimen178
Class revtex4-1 Info: colortbl package is loaded. (Proceeding with fingers cros
sed.) on input line 56.
Class revtex4-1 Info: Patching unrecognized longtable package. (Proceeding with
 fingers crossed) on input line 56.
Class revtex4-1 Info: Robustifying \LaTeX's \boldmath command on input line 56.

Class revtex4-1 Info: cite was not loaded (OK!) on input line 56.
Class revtex4-1 Info: mcite was not loaded (OK!) on input line 56.
Class revtex4-1 Info: multicol was not loaded (OK!) on input line 56.
(Wainwright_Thesis.aux)
\openout1 = `Wainwright_Thesis.aux'.

LaTeX Font Info:    Checking defaults for OML/cmm/m/it on input line 56.
LaTeX Font Info:    ... okay on input line 56.
LaTeX Font Info:    Checking defaults for T1/cmr/m/n on input line 56.
LaTeX Font Info:    ... okay on input line 56.
LaTeX Font Info:    Checking defaults for OT1/cmr/m/n on input line 56.
LaTeX Font Info:    ... okay on input line 56.
LaTeX Font Info:    Checking defaults for OMS/cmsy/m/n on input line 56.
LaTeX Font Info:    ... okay on input line 56.
LaTeX Font Info:    Checking defaults for OMX/cmex/m/n on input line 56.
LaTeX Font Info:    ... okay on input line 56.
LaTeX Font Info:    Checking defaults for U/cmr/m/n on input line 56.
LaTeX Font Info:    ... okay on input line 56.
LaTeX Font Info:    Checking defaults for PD1/pdf/m/n on input line 56.
LaTeX Font Info:    ... okay on input line 56.

(C:\Users\Immediacy\AppData\Roaming\MiKTeX\2.9\tex\context\base\supp-pdf.mkii
[Loading MPS to PDF converter (version 2006.09.02).]
\scratchcounter=\count170
\scratchdimen=\dimen179
\scratchbox=\box62
\nofMPsegments=\count171
\nofMParguments=\count172
\everyMPshowfont=\toks38
\MPscratchCnt=\count173
\MPscratchDim=\dimen180
\MPnumerator=\count174
\makeMPintoPDFobject=\count175
\everyMPtoPDFconversion=\toks39
) ("C:\Program Files\MiKTeX 2.9\tex\latex\oberdiek\epstopdf-base.sty"
Package: epstopdf-base 2016/05/15 v2.6 Base part for package epstopdf

("C:\Program Files\MiKTeX 2.9\tex\latex\oberdiek\grfext.sty"
Package: grfext 2016/05/16 v1.2 Manage graphics extensions (HO)
)
Package epstopdf-base Info: Redefining graphics rule for `.eps' on input line 4
38.
Package grfext Info: Graphics extension search list:
(grfext)             [.pdf,.png,.jpg,.mps,.jpeg,.jbig2,.jb2,.PDF,.PNG,.JPG,.JPE
G,.JBIG2,.JB2,.eps]
(grfext)             \AppendGraphicsExtensions on input line 456.
)
\AtBeginShipoutBox=\box63
Package hyperref Info: Link coloring ON on input line 56.

("C:\Program Files\MiKTeX 2.9\tex\latex\hyperref\nameref.sty"
Package: nameref 2016/05/21 v2.44 Cross-referencing by name of section

("C:\Program Files\MiKTeX 2.9\tex\generic\oberdiek\gettitlestring.sty"
Package: gettitlestring 2016/05/16 v1.5 Cleanup title references (HO)
)
\c@section@level=\count176
)
LaTeX Info: Redefining \ref on input line 56.
LaTeX Info: Redefining \pageref on input line 56.
LaTeX Info: Redefining \nameref on input line 56.

(Wainwright_Thesis.out) (Wainwright_Thesis.out)
\@outlinefile=\write4
\openout4 = `Wainwright_Thesis.out'.


(C:\Users\Immediacy\AppData\Roaming\MiKTeX\2.9\tex\latex\lineno\lineno.sty
Package: lineno 2005/11/02 line numbers on paragraphs v4.41
\linenopenalty=\count177
\output=\toks40
\linenoprevgraf=\count178
\linenumbersep=\dimen181
\linenumberwidth=\dimen182
\c@linenumber=\count179
\c@pagewiselinenumber=\count180
\c@LN@truepage=\count181
\c@internallinenumber=\count182
\c@internallinenumbers=\count183
\quotelinenumbersep=\dimen183
\bframerule=\dimen184
\bframesep=\dimen185
\bframebox=\box64
LaTeX Info: Redefining \\ on input line 3056.
)
LaTeX Info: Redefining \celsius on input line 56.
Package gensymb Info: Faking symbols for \degree and \celsius on input line 56.



Package gensymb Warning: Not defining \perthousand.

LaTeX Info: Redefining \ohm on input line 56.
Package gensymb Info: Using \Omega for \ohm on input line 56.

Package gensymb Warning: Not defining \micro.

Class revtex4-1 Info: Overriding lineo.sty, restoring output routine, on input 
line 56.
Class revtex4-1 Info: Line numbering not turned on yet on input line 56.
Class revtex4-1 Info: Overriding \@LN@LLerror on input line 56.

Class revtex4-1 Warning: No title.

(Wainwright_Thesis.toc)
\tf@toc=\write5
\openout5 = `Wainwright_Thesis.toc'.

 [1{C:/Users/Immediacy/AppData/Local/MiKTeX/2.9/pdftex/config/pdftex.map}]
LaTeX Font Info:    Try loading font information for U+lasy on input line 85.
 ("C:\Program Files\MiKTeX 2.9\tex\latex\base\ulasy.fd"
File: ulasy.fd 1998/08/17 v2.2e LaTeX symbol font definitions
)
LaTeX Font Info:    Try loading font information for U+msa on input line 85.

("C:\Program Files\MiKTeX 2.9\tex\latex\amsfonts\umsa.fd"
File: umsa.fd 2013/01/14 v3.01 AMS symbols A
)
LaTeX Font Info:    Try loading font information for U+msb on input line 85.

("C:\Program Files\MiKTeX 2.9\tex\latex\amsfonts\umsb.fd"
File: umsb.fd 2013/01/14 v3.01 AMS symbols B
)
LaTeX Font Info:    Font shape `U/lasy/b/n' in size <7> not available
(Font)              Font shape `U/lasy/m/n' tried instead on input line 85.
LaTeX Font Info:    Font shape `U/lasy/b/n' in size <5> not available
(Font)              Font shape `U/lasy/m/n' tried instead on input line 85.
 [2]

LaTeX Warning: No positions in optional float specifier.
               Default added (so using `tbp') on input line 116.

LaTeX Font Info:    Font shape `U/lasy/b/n' in size <9> not available
(Font)              Font shape `U/lasy/m/n' tried instead on input line 119.
LaTeX Font Info:    Font shape `U/lasy/b/n' in size <6> not available
(Font)              Font shape `U/lasy/m/n' tried instead on input line 119.

LaTeX Warning: No positions in optional float specifier.
               Default added (so using `tbp') on input line 163.

<figures/M67_pm_unfiltered.png, id=118, 462.528pt x 346.896pt>
File: figures/M67_pm_unfiltered.png Graphic file (type png)
<use figures/M67_pm_unfiltered.png>
Package pdftex.def Info: figures/M67_pm_unfiltered.png  used on input line 165.

(pdftex.def)             Requested size: 343.28249pt x 257.47182pt.
[3] [4]

LaTeX Warning: No positions in optional float specifier.
               Default added (so using `tbp') on input line 176.

<figures/M67_cmd_unfiltered.png, id=141, 462.528pt x 346.896pt>
File: figures/M67_cmd_unfiltered.png Graphic file (type png)
<use figures/M67_cmd_unfiltered.png>
Package pdftex.def Info: figures/M67_cmd_unfiltered.png  used on input line 178
.
(pdftex.def)             Requested size: 325.215pt x 243.92122pt.

LaTeX Warning: No positions in optional float specifier.
               Default added (so using `tbp') on input line 188.

<figures/M35_cmd_unfiltered.png, id=147, 462.528pt x 346.896pt>
File: figures/M35_cmd_unfiltered.png Graphic file (type png)
<use figures/M35_cmd_unfiltered.png>
Package pdftex.def Info: figures/M35_cmd_unfiltered.png  used on input line 190
.
(pdftex.def)             Requested size: 343.28249pt x 257.47182pt.

LaTeX Warning: No positions in optional float specifier.
               Default added (so using `tbp') on input line 195.

<figures/M35_cmd_bright_filtered.png, id=148, 462.528pt x 346.896pt>
File: figures/M35_cmd_bright_filtered.png Graphic file (type png)
<use figures/M35_cmd_bright_filtered.png>
Package pdftex.def Info: figures/M35_cmd_bright_filtered.png  used on input lin
e 197.
(pdftex.def)             Requested size: 343.28249pt x 257.47182pt.

LaTeX Warning: No positions in optional float specifier.
               Default added (so using `tbp') on input line 202.

<figures/M35_cmd_parallax_filtered.png, id=151, 462.528pt x 346.896pt>
File: figures/M35_cmd_parallax_filtered.png Graphic file (type png)
<use figures/M35_cmd_parallax_filtered.png>
Package pdftex.def Info: figures/M35_cmd_parallax_filtered.png  used on input l
ine 204.
(pdftex.def)             Requested size: 343.28249pt x 257.47182pt.

LaTeX Warning: No positions in optional float specifier.
               Default added (so using `tbp') on input line 209.

<figures/M35_cmd_filtered.png, id=154, 462.528pt x 346.896pt>
File: figures/M35_cmd_filtered.png Graphic file (type png)
<use figures/M35_cmd_filtered.png>
Package pdftex.def Info: figures/M35_cmd_filtered.png  used on input line 211.
(pdftex.def)             Requested size: 343.28249pt x 257.47182pt.

LaTeX Warning: No positions in optional float specifier.
               Default added (so using `tbp') on input line 216.

<figures/M15_cmd_unfiltered.png, id=155, 462.528pt x 346.896pt>
File: figures/M15_cmd_unfiltered.png Graphic file (type png)
<use figures/M15_cmd_unfiltered.png>
Package pdftex.def Info: figures/M15_cmd_unfiltered.png  used on input line 218
.
(pdftex.def)             Requested size: 343.28249pt x 257.47182pt.

LaTeX Warning: No positions in optional float specifier.
               Default added (so using `tbp') on input line 223.

<figures/M15_cmd_filtered.png, id=156, 462.528pt x 346.896pt>
File: figures/M15_cmd_filtered.png Graphic file (type png)
<use figures/M15_cmd_filtered.png>
Package pdftex.def Info: figures/M15_cmd_filtered.png  used on input line 225.
(pdftex.def)             Requested size: 343.28249pt x 257.47182pt.
[5 <./figures/M67_pm_unfiltered.png>] [6 <./figures/M67_cmd_unfiltered.png> <./
figures/M35_cmd_unfiltered.png>] [7 <./figures/M35_cmd_bright_filtered.png> <./
figures/M35_cmd_parallax_filtered.png>] [8 <./figures/M35_cmd_filtered.png> <./
figures/M15_cmd_unfiltered.png>]

LaTeX Warning: No positions in optional float specifier.
               Default added (so using `tbp') on input line 234.

<figures/M67_cmd_filtered_labeled.png, id=189, 462.528pt x 346.896pt>
File: figures/M67_cmd_filtered_labeled.png Graphic file (type png)
<use figures/M67_cmd_filtered_labeled.png>
Package pdftex.def Info: figures/M67_cmd_filtered_labeled.png  used on input li
ne 236.
(pdftex.def)             Requested size: 343.28249pt x 257.47182pt.
[9 <./figures/M15_cmd_filtered.png>]

LaTeX Warning: No positions in optional float specifier.
               Default added (so using `tbp') on input line 245.

<figures/M67_MS_spread.png, id=200, 462.528pt x 346.896pt>
File: figures/M67_MS_spread.png Graphic file (type png)
<use figures/M67_MS_spread.png>
Package pdftex.def Info: figures/M67_MS_spread.png  used on input line 247.
(pdftex.def)             Requested size: 343.28249pt x 257.47182pt.
[10 <./figures/M67_cmd_filtered_labeled.png>]

LaTeX Warning: No positions in optional float specifier.
               Default added (so using `tbp') on input line 276.

<figures/iso_age.pdf, id=212, 462.52798pt x 345.4506pt>
File: figures/iso_age.pdf Graphic file (type pdf)
<use figures/iso_age.pdf>
Package pdftex.def Info: figures/iso_age.pdf  used on input line 278.
(pdftex.def)             Requested size: 252.94499pt x 188.91783pt.
<figures/iso_metallicity.pdf, id=213, 462.52798pt x 345.4506pt>
File: figures/iso_metallicity.pdf Graphic file (type pdf)
<use figures/iso_metallicity.pdf>
Package pdftex.def Info: figures/iso_metallicity.pdf  used on input line 279.
(pdftex.def)             Requested size: 252.94499pt x 188.91783pt.
[11 <./figures/M67_MS_spread.png>]

LaTeX Warning: No positions in optional float specifier.
               Default added (so using `tbp') on input line 287.

<figures/M67_condensed_CMD_overlay.png, id=224, 462.528pt x 346.896pt>
File: figures/M67_condensed_CMD_overlay.png Graphic file (type png)
<use figures/M67_condensed_CMD_overlay.png>
Package pdftex.def Info: figures/M67_condensed_CMD_overlay.png  used on input l
ine 289.
(pdftex.def)             Requested size: 343.28249pt x 257.47182pt.
[12 <./figures/iso_age.pdf> <./figures/iso_metallicity.pdf

pdfTeX warning: pdflatex (file ./figures/iso_metallicity.pdf): PDF inclusion: m
ultiple pdfs with page group included in a single page
>]

LaTeX Warning: No positions in optional float specifier.
               Default added (so using `tbp') on input line 306.


LaTeX Warning: No positions in optional float specifier.
               Default added (so using `tbp') on input line 336.

<figures/M35_CMD_Iso_BestFit.png, id=303, 462.528pt x 346.896pt>
File: figures/M35_CMD_Iso_BestFit.png Graphic file (type png)
<use figures/M35_CMD_Iso_BestFit.png>
Package pdftex.def Info: figures/M35_CMD_Iso_BestFit.png  used on input line 33
8.
(pdftex.def)             Requested size: 343.28249pt x 257.47182pt.

LaTeX Warning: No positions in optional float specifier.
               Default added (so using `tbp') on input line 343.

<figures/M67_CMD_Iso_BestFit.png, id=304, 462.528pt x 346.896pt>
File: figures/M67_CMD_Iso_BestFit.png Graphic file (type png)
<use figures/M67_CMD_Iso_BestFit.png>
Package pdftex.def Info: figures/M67_CMD_Iso_BestFit.png  used on input line 34
5.
(pdftex.def)             Requested size: 343.28249pt x 257.47182pt.

LaTeX Warning: No positions in optional float specifier.
               Default added (so using `tbp') on input line 350.

<figures/M15_CMD_Iso_BestFit.png, id=305, 462.528pt x 346.896pt>
File: figures/M15_CMD_Iso_BestFit.png Graphic file (type png)
<use figures/M15_CMD_Iso_BestFit.png>
Package pdftex.def Info: figures/M15_CMD_Iso_BestFit.png  used on input line 35
2.
(pdftex.def)             Requested size: 343.28249pt x 257.47182pt.
[13 <./figures/M67_condensed_CMD_overlay.png>] [14 <./figures/M35_CMD_Iso_BestF
it.png>] [15 <./figures/M67_CMD_Iso_BestFit.png> <./figures/M15_CMD_Iso_BestFit
.png>]

LaTeX Warning: No positions in optional float specifier.
               Default added (so using `tbp') on input line 363.

<figures/M67_radialBins.png, id=330, 578.16pt x 578.16pt>
File: figures/M67_radialBins.png Graphic file (type png)
<use figures/M67_radialBins.png>
Package pdftex.def Info: figures/M67_radialBins.png  used on input line 365.
(pdftex.def)             Requested size: 343.28249pt x 343.28165pt.

LaTeX Warning: No positions in optional float specifier.
               Default added (so using `tbp') on input line 370.

<figures/M67_radialBins_center.png, id=331, 578.16pt x 578.16pt>
File: figures/M67_radialBins_center.png Graphic file (type png)
<use figures/M67_radialBins_center.png>
Package pdftex.def Info: figures/M67_radialBins_center.png  used on input line 
372.
(pdftex.def)             Requested size: 343.28249pt x 343.28165pt.
[16 <./figures/M67_radialBins.png>]

LaTeX Warning: No positions in optional float specifier.
               Default added (so using `tbp') on input line 384.

<figures/M67_numDensity_filtered.png, id=346, 462.528pt x 346.896pt>
File: figures/M67_numDensity_filtered.png Graphic file (type png)
<use figures/M67_numDensity_filtered.png>
Package pdftex.def Info: figures/M67_numDensity_filtered.png  used on input lin
e 386.
(pdftex.def)             Requested size: 343.28249pt x 257.47182pt.

LaTeX Warning: No positions in optional float specifier.
               Default added (so using `tbp') on input line 393.

<figures/M67_massDensity_filtered.png, id=352, 462.528pt x 346.896pt>
File: figures/M67_massDensity_filtered.png Graphic file (type png)
<use figures/M67_massDensity_filtered.png>
Package pdftex.def Info: figures/M67_massDensity_filtered.png  used on input li
ne 395.
(pdftex.def)             Requested size: 343.28249pt x 257.47182pt.
[17 <./figures/M67_radialBins_center.png>] [18 <./figures/M67_numDensity_filter
ed.png> <./figures/M67_massDensity_filtered.png>]

LaTeX Warning: No positions in optional float specifier.
               Default added (so using `tbp') on input line 435.

<figures/M67_averageMass_filtered.png, id=377, 462.528pt x 346.896pt>
File: figures/M67_averageMass_filtered.png Graphic file (type png)
<use figures/M67_averageMass_filtered.png>
Package pdftex.def Info: figures/M67_averageMass_filtered.png  used on input li
ne 437.
(pdftex.def)             Requested size: 343.28249pt x 257.47182pt.

LaTeX Warning: No positions in optional float specifier.
               Default added (so using `tbp') on input line 442.

<figures/M67_massFrequency_filtered.png, id=378, 462.528pt x 346.896pt>
File: figures/M67_massFrequency_filtered.png Graphic file (type png)
<use figures/M67_massFrequency_filtered.png>
Package pdftex.def Info: figures/M67_massFrequency_filtered.png  used on input 
line 444.
(pdftex.def)             Requested size: 343.28249pt x 257.47182pt.

LaTeX Warning: No positions in optional float specifier.
               Default added (so using `tbp') on input line 449.

<figures/M67_magFrequency_filtered.png, id=379, 462.528pt x 346.896pt>
File: figures/M67_magFrequency_filtered.png Graphic file (type png)
<use figures/M67_magFrequency_filtered.png>
Package pdftex.def Info: figures/M67_magFrequency_filtered.png  used on input l
ine 451.
(pdftex.def)             Requested size: 343.28249pt x 257.47182pt.

LaTeX Warning: No positions in optional float specifier.
               Default added (so using `tbp') on input line 456.

<figures/M67_colorFrequency_filtered.png, id=380, 462.528pt x 346.896pt>
File: figures/M67_colorFrequency_filtered.png Graphic file (type png)
<use figures/M67_colorFrequency_filtered.png>
Package pdftex.def Info: figures/M67_colorFrequency_filtered.png  used on input
 line 458.
(pdftex.def)             Requested size: 343.28249pt x 257.47182pt.

LaTeX Warning: No positions in optional float specifier.
               Default added (so using `tbp') on input line 467.

<figures/gaia_table1.png, id=383, 465.23813pt x 761.84625pt>
File: figures/gaia_table1.png Graphic file (type png)
<use figures/gaia_table1.png>
Package pdftex.def Info: figures/gaia_table1.png  used on input line 469.
(pdftex.def)             Requested size: 252.94499pt x 414.20406pt.
<figures/gaia_table2.png, id=384, 460.72125pt x 542.77782pt>
File: figures/gaia_table2.png Graphic file (type png)
<use figures/gaia_table2.png>
Package pdftex.def Info: figures/gaia_table2.png  used on input line 470.
(pdftex.def)             Requested size: 252.94499pt x 297.99039pt.
[19] [20 <./figures/M67_averageMass_filtered.png> <./figures/M67_massFrequency_
filtered.png>] [21 <./figures/M67_magFrequency_filtered.png> <./figures/M67_col
orFrequency_filtered.png>] [22 <./figures/gaia_table1.png> <./figures/gaia_tabl
e2.png>]

LaTeX Warning: No positions in optional float specifier.
               Default added (so using `tbp') on input line 486.

<figures/pop_cmd_apparent.png, id=422, 578.16pt x 433.62pt>
File: figures/pop_cmd_apparent.png Graphic file (type png)
<use figures/pop_cmd_apparent.png>
Package pdftex.def Info: figures/pop_cmd_apparent.png  used on input line 488.
(pdftex.def)             Requested size: 343.28249pt x 257.46124pt.

LaTeX Warning: No positions in optional float specifier.
               Default added (so using `tbp') on input line 493.

<figures/pop_cmd_absolute.png, id=423, 578.16pt x 433.62pt>
File: figures/pop_cmd_absolute.png Graphic file (type png)
<use figures/pop_cmd_absolute.png>
Package pdftex.def Info: figures/pop_cmd_absolute.png  used on input line 495.
(pdftex.def)             Requested size: 343.28249pt x 257.46124pt.

LaTeX Warning: No positions in optional float specifier.
               Default added (so using `tbp') on input line 500.

<figures/pop_cmd_shifted.png, id=428, 578.16pt x 433.62pt>
File: figures/pop_cmd_shifted.png Graphic file (type png)
<use figures/pop_cmd_shifted.png>
Package pdftex.def Info: figures/pop_cmd_shifted.png  used on input line 502.
(pdftex.def)             Requested size: 343.28249pt x 257.46124pt.

LaTeX Warning: No positions in optional float specifier.
               Default added (so using `tbp') on input line 509.

<figures/M67_numDensity_bounded.png, id=433, 462.528pt x 346.896pt>
File: figures/M67_numDensity_bounded.png Graphic file (type png)
<use figures/M67_numDensity_bounded.png>
Package pdftex.def Info: figures/M67_numDensity_bounded.png  used on input line
 511.
(pdftex.def)             Requested size: 343.28249pt x 257.47182pt.

LaTeX Warning: No positions in optional float specifier.
               Default added (so using `tbp') on input line 516.

<figures/M67_averageMass_bounded.png, id=434, 462.528pt x 346.896pt>
File: figures/M67_averageMass_bounded.png Graphic file (type png)
<use figures/M67_averageMass_bounded.png>
Package pdftex.def Info: figures/M67_averageMass_bounded.png  used on input lin
e 518.
(pdftex.def)             Requested size: 343.28249pt x 257.47182pt.
[23 <./figures/pop_cmd_apparent.png>] [24 <./figures/pop_cmd_absolute.png> <./f
igures/pop_cmd_shifted.png>] [25 <./figures/M67_numDensity_bounded.png> <./figu
res/M67_averageMass_bounded.png>]

LaTeX Warning: No positions in optional float specifier.
               Default added (so using `tbp') on input line 530.

<figures/NGC2360_CMD_Iso_BestFit.png, id=463, 462.528pt x 346.896pt>
File: figures/NGC2360_CMD_Iso_BestFit.png Graphic file (type png)
<use figures/NGC2360_CMD_Iso_BestFit.png>
Package pdftex.def Info: figures/NGC2360_CMD_Iso_BestFit.png  used on input lin
e 532.
(pdftex.def)             Requested size: 343.28249pt x 257.47182pt.

LaTeX Warning: No positions in optional float specifier.
               Default added (so using `tbp') on input line 542.

<figures/mass_vs_age_filtered.png, id=465, 462.528pt x 346.896pt>
File: figures/mass_vs_age_filtered.png Graphic file (type png)
<use figures/mass_vs_age_filtered.png>
Package pdftex.def Info: figures/mass_vs_age_filtered.png  used on input line 5
44.
(pdftex.def)             Requested size: 343.28249pt x 257.47182pt.
[26 <./figures/NGC2360_CMD_Iso_BestFit.png>]

LaTeX Warning: No positions in optional float specifier.
               Default added (so using `tbp') on input line 555.

<figures/mass_vs_age_bounded.png, id=483, 462.528pt x 346.896pt>
File: figures/mass_vs_age_bounded.png Graphic file (type png)
<use figures/mass_vs_age_bounded.png>
Package pdftex.def Info: figures/mass_vs_age_bounded.png  used on input line 55
7.
(pdftex.def)             Requested size: 343.28249pt x 257.47182pt.

LaTeX Warning: No positions in optional float specifier.
               Default added (so using `tbp') on input line 567.

<figures/bounded_fraction_vs_dist.png, id=488, 462.528pt x 346.896pt>
File: figures/bounded_fraction_vs_dist.png Graphic file (type png)
<use figures/bounded_fraction_vs_dist.png>
Package pdftex.def Info: figures/bounded_fraction_vs_dist.png  used on input li
ne 569.
(pdftex.def)             Requested size: 343.28249pt x 257.47182pt.

LaTeX Warning: No positions in optional float specifier.
               Default added (so using `tbp') on input line 574.

<figures/mass_intercept_vs_age_bounded.png, id=489, 462.528pt x 346.896pt>
File: figures/mass_intercept_vs_age_bounded.png Graphic file (type png)
<use figures/mass_intercept_vs_age_bounded.png>
Package pdftex.def Info: figures/mass_intercept_vs_age_bounded.png  used on inp
ut line 576.
(pdftex.def)             Requested size: 343.28249pt x 257.47182pt.

LaTeX Warning: No positions in optional float specifier.
               Default added (so using `tbp') on input line 581.

<figures/mag_vs_dist_bounded.png, id=494, 462.528pt x 346.896pt>
File: figures/mag_vs_dist_bounded.png Graphic file (type png)
<use figures/mag_vs_dist_bounded.png>
Package pdftex.def Info: figures/mag_vs_dist_bounded.png  used on input line 58
3.
(pdftex.def)             Requested size: 343.28249pt x 257.47182pt.
[27 <./figures/mass_vs_age_filtered.png>] [28 <./figures/mass_vs_age_bounded.pn
g> <./figures/bounded_fraction_vs_dist.png>] [29 <./figures/mass_intercept_vs_a
ge_bounded.png> <./figures/mag_vs_dist_bounded.png>] [30]
(Wainwright_Thesis.bbl) [31] [32]
Package atveryend Info: Executing hook `AtVeryEndDocument' on input line 624.
Package atveryend Info: Empty hook `AfterLastShipout' on input line 624.
 (Wainwright_Thesis.aux)
Package atveryend Info: Executing hook `AtEndAfterFileList' on input line 624.
Package rerunfilecheck Info: File `Wainwright_Thesis.out' has not changed.
(rerunfilecheck)             Checksum: C9B421A5FE8D707D7345D55B3045D1EB;929.
 ) 
Here is how much of TeX's memory you used:
 10955 strings out of 492970
 154493 string characters out of 3135842
 345237 words of memory out of 3000000
 14502 multiletter control sequences out of 15000+200000
 15230 words of font info for 59 fonts, out of 3000000 for 9000
 1141 hyphenation exceptions out of 8191
 36i,14n,53p,7593b,439s stack positions out of 5000i,500n,10000p,200000b,50000s
<C:/Program Files/MiKTeX 2.9/fonts/type1/public/amsfonts/cm/cmbx9.pfb><C:/Pro
gram Files/MiKTeX 2.9/fonts/type1/public/amsfonts/cm/cmcsc10.pfb><C:/Program Fi
les/MiKTeX 2.9/fonts/type1/public/amsfonts/cm/cmex10.pfb><C:/Program Files/MiKT
eX 2.9/fonts/type1/public/amsfonts/cm/cmmi10.pfb><C:/Program Files/MiKTeX 2.9/f
onts/type1/public/amsfonts/cm/cmmi6.pfb><C:/Program Files/MiKTeX 2.9/fonts/type
1/public/amsfonts/cm/cmmi7.pfb><C:/Program Files/MiKTeX 2.9/fonts/type1/public/
amsfonts/cm/cmmi9.pfb><C:/Program Files/MiKTeX 2.9/fonts/type1/public/amsfonts/
cm/cmr10.pfb><C:/Program Files/MiKTeX 2.9/fonts/type1/public/amsfonts/cm/cmr6.p
fb><C:/Program Files/MiKTeX 2.9/fonts/type1/public/amsfonts/cm/cmr7.pfb><C:/Pro
gram Files/MiKTeX 2.9/fonts/type1/public/amsfonts/cm/cmr9.pfb><C:/Program Files
/MiKTeX 2.9/fonts/type1/public/amsfonts/cm/cmsy10.pfb><C:/Program Files/MiKTeX 
2.9/fonts/type1/public/amsfonts/cm/cmsy6.pfb><C:/Program Files/MiKTeX 2.9/fonts
/type1/public/amsfonts/cm/cmsy7.pfb><C:/Program Files/MiKTeX 2.9/fonts/type1/pu
blic/amsfonts/cm/cmsy9.pfb><C:/Program Files/MiKTeX 2.9/fonts/type1/public/amsf
onts/cm/cmti10.pfb>
Output written on Wainwright_Thesis.pdf (32 pages, 11415518 bytes).
PDF statistics:
 641 PDF objects out of 1000 (max. 8388607)
 111 named destinations out of 1000 (max. 500000)
 314 words of extra memory for PDF output out of 10000 (max. 10000000)

